[aiter] import [module_aiter_enum] under /usr/local/lib/python3.12/dist-packages/aiter/jit/module_aiter_enum.so
/usr/local/lib/python3.12/dist-packages/torch/profiler/profiler.py:217: UserWarning: Warning: Profiler clears events at the end of each cycle.Only events from the current cycle will be reported.To keep events across cycles, set acc_events=True.
  _warn_once(

[tune] B=4 next_n=1 heads=32 index_dim=128 avg_kv_length=65536 max_model_len=202752
  ck= 64 -> 133 SplitKV values: [-1, 1, 2, 4, 8, 16, 24, 32, 40, 48, 56, 64, 72, 80, 88, 96, 104, 112, 120, 128, 136, 144, 152, 160, 168, 176, 184, 192, 200, 208, 216, 224, 232, 240, 248, 256, 264, 272, 280, 288, 296, 304, 312, 320, 328, 336, 344, 352, 360, 368, 376, 384, 392, 400, 408, 416, 424, 432, 440, 448, 456, 464, 472, 480, 488, 496, 504, 512, 520, 528, 536, 544, 552, 560, 568, 576, 584, 592, 600, 608, 616, 624, 632, 640, 648, 656, 664, 672, 680, 688, 696, 704, 712, 720, 728, 736, 744, 752, 760, 768, 776, 784, 792, 800, 808, 816, 824, 832, 840, 848, 856, 864, 872, 880, 888, 896, 904, 912, 920, 928, 936, 944, 952, 960, 968, 976, 984, 992, 1000, 1008, 1016, 1024, 1028]
  ck=128 -> 69 SplitKV values: [-1, 1, 2, 4, 8, 16, 24, 32, 40, 48, 56, 64, 72, 80, 88, 96, 104, 112, 120, 128, 136, 144, 152, 160, 168, 176, 184, 192, 200, 208, 216, 224, 232, 240, 248, 256, 264, 272, 280, 288, 296, 304, 312, 320, 328, 336, 344, 352, 360, 368, 376, 384, 392, 400, 408, 416, 424, 432, 440, 448, 456, 464, 472, 480, 488, 496, 504, 512, 514]
  ck=256 -> 37 SplitKV values: [-1, 1, 2, 4, 8, 16, 24, 32, 40, 48, 56, 64, 72, 80, 88, 96, 104, 112, 120, 128, 136, 144, 152, 160, 168, 176, 184, 192, 200, 208, 216, 224, 232, 240, 248, 256, 257]
  ck= 64 -> 133 SplitKV values: [-1, 1, 2, 4, 8, 16, 24, 32, 40, 48, 56, 64, 72, 80, 88, 96, 104, 112, 120, 128, 136, 144, 152, 160, 168, 176, 184, 192, 200, 208, 216, 224, 232, 240, 248, 256, 264, 272, 280, 288, 296, 304, 312, 320, 328, 336, 344, 352, 360, 368, 376, 384, 392, 400, 408, 416, 424, 432, 440, 448, 456, 464, 472, 480, 488, 496, 504, 512, 520, 528, 536, 544, 552, 560, 568, 576, 584, 592, 600, 608, 616, 624, 632, 640, 648, 656, 664, 672, 680, 688, 696, 704, 712, 720, 728, 736, 744, 752, 760, 768, 776, 784, 792, 800, 808, 816, 824, 832, 840, 848, 856, 864, 872, 880, 888, 896, 904, 912, 920, 928, 936, 944, 952, 960, 968, 976, 984, 992, 1000, 1008, 1016, 1024, 1028]
  ck=128 -> 69 SplitKV values: [-1, 1, 2, 4, 8, 16, 24, 32, 40, 48, 56, 64, 72, 80, 88, 96, 104, 112, 120, 128, 136, 144, 152, 160, 168, 176, 184, 192, 200, 208, 216, 224, 232, 240, 248, 256, 264, 272, 280, 288, 296, 304, 312, 320, 328, 336, 344, 352, 360, 368, 376, 384, 392, 400, 408, 416, 424, 432, 440, 448, 456, 464, 472, 480, 488, 496, 504, 512, 514]
  ck=256 -> 37 SplitKV values: [-1, 1, 2, 4, 8, 16, 24, 32, 40, 48, 56, 64, 72, 80, 88, 96, 104, 112, 120, 128, 136, 144, 152, 160, 168, 176, 184, 192, 200, 208, 216, 224, 232, 240, 248, 256, 257]
  ck= 64 -> 133 SplitKV values: [-1, 1, 2, 4, 8, 16, 24, 32, 40, 48, 56, 64, 72, 80, 88, 96, 104, 112, 120, 128, 136, 144, 152, 160, 168, 176, 184, 192, 200, 208, 216, 224, 232, 240, 248, 256, 264, 272, 280, 288, 296, 304, 312, 320, 328, 336, 344, 352, 360, 368, 376, 384, 392, 400, 408, 416, 424, 432, 440, 448, 456, 464, 472, 480, 488, 496, 504, 512, 520, 528, 536, 544, 552, 560, 568, 576, 584, 592, 600, 608, 616, 624, 632, 640, 648, 656, 664, 672, 680, 688, 696, 704, 712, 720, 728, 736, 744, 752, 760, 768, 776, 784, 792, 800, 808, 816, 824, 832, 840, 848, 856, 864, 872, 880, 888, 896, 904, 912, 920, 928, 936, 944, 952, 960, 968, 976, 984, 992, 1000, 1008, 1016, 1024, 1028]
  ck=128 -> 69 SplitKV values: [-1, 1, 2, 4, 8, 16, 24, 32, 40, 48, 56, 64, 72, 80, 88, 96, 104, 112, 120, 128, 136, 144, 152, 160, 168, 176, 184, 192, 200, 208, 216, 224, 232, 240, 248, 256, 264, 272, 280, 288, 296, 304, 312, 320, 328, 336, 344, 352, 360, 368, 376, 384, 392, 400, 408, 416, 424, 432, 440, 448, 456, 464, 472, 480, 488, 496, 504, 512, 514]
  ck=256 -> 37 SplitKV values: [-1, 1, 2, 4, 8, 16, 24, 32, 40, 48, 56, 64, 72, 80, 88, 96, 104, 112, 120, 128, 136, 144, 152, 160, 168, 176, 184, 192, 200, 208, 216, 224, 232, 240, 248, 256, 257]

--- Top-10 configs (B=4) ---
  num_warps=8, ChunkK= 64, SplitKV=216  -> 23.23 us  cosine_diff(vs ref)=0.000518  cosine_diff(vs deepgemm)=0.000000
  num_warps=2, ChunkK= 64, SplitKV= -1  -> 25.00 us  cosine_diff(vs ref)=0.000518  cosine_diff(vs deepgemm)=0.000000
  num_warps=8, ChunkK=128, SplitKV= 64  -> 25.68 us  cosine_diff(vs ref)=0.000518  cosine_diff(vs deepgemm)=0.000000
  num_warps=8, ChunkK=128, SplitKV= 56  -> 26.49 us  cosine_diff(vs ref)=0.000518  cosine_diff(vs deepgemm)=0.000000
  num_warps=8, ChunkK=128, SplitKV=264  -> 26.57 us  cosine_diff(vs ref)=0.000518  cosine_diff(vs deepgemm)=0.000000
  num_warps=8, ChunkK=128, SplitKV= 48  -> 26.63 us  cosine_diff(vs ref)=0.000518  cosine_diff(vs deepgemm)=0.000000
  num_warps=4, ChunkK= 64, SplitKV=160  -> 26.63 us  cosine_diff(vs ref)=0.000518  cosine_diff(vs deepgemm)=0.000000
  num_warps=8, ChunkK= 64, SplitKV=408  -> 26.75 us  cosine_diff(vs ref)=0.000518  cosine_diff(vs deepgemm)=0.000000
  num_warps=8, ChunkK= 64, SplitKV=400  -> 26.76 us  cosine_diff(vs ref)=0.000518  cosine_diff(vs deepgemm)=0.000000
  num_warps=8, ChunkK= 64, SplitKV=152  -> 26.88 us  cosine_diff(vs ref)=0.000518  cosine_diff(vs deepgemm)=0.000000
Saved accuracy warnings to tune_results_ver3/logs_p16/gpu3/mtp_0/kvlength_65536/warnings.log
Saved per-config detail log to tune_results_ver3/logs_p16/gpu3/mtp_0/kvlength_65536/detail.log

Saved tune CSV to tune_results_ver3/logs_p16/tune_results_gpu3.csv  (now 1 rows total)
 batch_size  next_n  heads  index_dim  avg_kv_length  var_ratio  deepgemm_us  moreh_us  speedup                                                                                                                                                                          top_configs
          4       1     32        128          65536   0.003906         31.8      23.2    1.367 [(8, 64, 216, 23), (2, 64, -1, 24), (8, 128, 64, 25), (8, 128, 56, 26), (8, 128, 264, 26), (8, 128, 48, 26), (4, 64, 160, 26), (8, 64, 408, 26), (8, 64, 400, 26), (8, 64, 152, 26)]

Saved top-1 tune CSV to tune_results_ver3/logs_p16/tune_results_gpu3_top1.csv  (now 1 rows total)
 batch_size  next_n  heads  index_dim  avg_kv_length  var_ratio  deepgemm_us  moreh_us  speedup  num_warp  chunkK  splitK
          4       1     32        128          65536   0.003906         31.8      23.2    1.367         8      64     216
[aiter] import [module_aiter_enum] under /usr/local/lib/python3.12/dist-packages/aiter/jit/module_aiter_enum.so
/usr/local/lib/python3.12/dist-packages/torch/profiler/profiler.py:217: UserWarning: Warning: Profiler clears events at the end of each cycle.Only events from the current cycle will be reported.To keep events across cycles, set acc_events=True.
  _warn_once(

[tune] B=12 next_n=1 heads=32 index_dim=128 avg_kv_length=65536 max_model_len=202752
  ck= 64 -> 133 SplitKV values: [-1, 1, 2, 4, 8, 16, 24, 32, 40, 48, 56, 64, 72, 80, 88, 96, 104, 112, 120, 128, 136, 144, 152, 160, 168, 176, 184, 192, 200, 208, 216, 224, 232, 240, 248, 256, 264, 272, 280, 288, 296, 304, 312, 320, 328, 336, 344, 352, 360, 368, 376, 384, 392, 400, 408, 416, 424, 432, 440, 448, 456, 464, 472, 480, 488, 496, 504, 512, 520, 528, 536, 544, 552, 560, 568, 576, 584, 592, 600, 608, 616, 624, 632, 640, 648, 656, 664, 672, 680, 688, 696, 704, 712, 720, 728, 736, 744, 752, 760, 768, 776, 784, 792, 800, 808, 816, 824, 832, 840, 848, 856, 864, 872, 880, 888, 896, 904, 912, 920, 928, 936, 944, 952, 960, 968, 976, 984, 992, 1000, 1008, 1016, 1024, 1028]
  ck=128 -> 69 SplitKV values: [-1, 1, 2, 4, 8, 16, 24, 32, 40, 48, 56, 64, 72, 80, 88, 96, 104, 112, 120, 128, 136, 144, 152, 160, 168, 176, 184, 192, 200, 208, 216, 224, 232, 240, 248, 256, 264, 272, 280, 288, 296, 304, 312, 320, 328, 336, 344, 352, 360, 368, 376, 384, 392, 400, 408, 416, 424, 432, 440, 448, 456, 464, 472, 480, 488, 496, 504, 512, 514]
  ck=256 -> 37 SplitKV values: [-1, 1, 2, 4, 8, 16, 24, 32, 40, 48, 56, 64, 72, 80, 88, 96, 104, 112, 120, 128, 136, 144, 152, 160, 168, 176, 184, 192, 200, 208, 216, 224, 232, 240, 248, 256, 257]
  ck= 64 -> 133 SplitKV values: [-1, 1, 2, 4, 8, 16, 24, 32, 40, 48, 56, 64, 72, 80, 88, 96, 104, 112, 120, 128, 136, 144, 152, 160, 168, 176, 184, 192, 200, 208, 216, 224, 232, 240, 248, 256, 264, 272, 280, 288, 296, 304, 312, 320, 328, 336, 344, 352, 360, 368, 376, 384, 392, 400, 408, 416, 424, 432, 440, 448, 456, 464, 472, 480, 488, 496, 504, 512, 520, 528, 536, 544, 552, 560, 568, 576, 584, 592, 600, 608, 616, 624, 632, 640, 648, 656, 664, 672, 680, 688, 696, 704, 712, 720, 728, 736, 744, 752, 760, 768, 776, 784, 792, 800, 808, 816, 824, 832, 840, 848, 856, 864, 872, 880, 888, 896, 904, 912, 920, 928, 936, 944, 952, 960, 968, 976, 984, 992, 1000, 1008, 1016, 1024, 1028]
  ck=128 -> 69 SplitKV values: [-1, 1, 2, 4, 8, 16, 24, 32, 40, 48, 56, 64, 72, 80, 88, 96, 104, 112, 120, 128, 136, 144, 152, 160, 168, 176, 184, 192, 200, 208, 216, 224, 232, 240, 248, 256, 264, 272, 280, 288, 296, 304, 312, 320, 328, 336, 344, 352, 360, 368, 376, 384, 392, 400, 408, 416, 424, 432, 440, 448, 456, 464, 472, 480, 488, 496, 504, 512, 514]
  ck=256 -> 37 SplitKV values: [-1, 1, 2, 4, 8, 16, 24, 32, 40, 48, 56, 64, 72, 80, 88, 96, 104, 112, 120, 128, 136, 144, 152, 160, 168, 176, 184, 192, 200, 208, 216, 224, 232, 240, 248, 256, 257]
  ck= 64 -> 133 SplitKV values: [-1, 1, 2, 4, 8, 16, 24, 32, 40, 48, 56, 64, 72, 80, 88, 96, 104, 112, 120, 128, 136, 144, 152, 160, 168, 176, 184, 192, 200, 208, 216, 224, 232, 240, 248, 256, 264, 272, 280, 288, 296, 304, 312, 320, 328, 336, 344, 352, 360, 368, 376, 384, 392, 400, 408, 416, 424, 432, 440, 448, 456, 464, 472, 480, 488, 496, 504, 512, 520, 528, 536, 544, 552, 560, 568, 576, 584, 592, 600, 608, 616, 624, 632, 640, 648, 656, 664, 672, 680, 688, 696, 704, 712, 720, 728, 736, 744, 752, 760, 768, 776, 784, 792, 800, 808, 816, 824, 832, 840, 848, 856, 864, 872, 880, 888, 896, 904, 912, 920, 928, 936, 944, 952, 960, 968, 976, 984, 992, 1000, 1008, 1016, 1024, 1028]
  ck=128 -> 69 SplitKV values: [-1, 1, 2, 4, 8, 16, 24, 32, 40, 48, 56, 64, 72, 80, 88, 96, 104, 112, 120, 128, 136, 144, 152, 160, 168, 176, 184, 192, 200, 208, 216, 224, 232, 240, 248, 256, 264, 272, 280, 288, 296, 304, 312, 320, 328, 336, 344, 352, 360, 368, 376, 384, 392, 400, 408, 416, 424, 432, 440, 448, 456, 464, 472, 480, 488, 496, 504, 512, 514]
  ck=256 -> 37 SplitKV values: [-1, 1, 2, 4, 8, 16, 24, 32, 40, 48, 56, 64, 72, 80, 88, 96, 104, 112, 120, 128, 136, 144, 152, 160, 168, 176, 184, 192, 200, 208, 216, 224, 232, 240, 248, 256, 257]

--- Top-10 configs (B=12) ---
  num_warps=4, ChunkK= 64, SplitKV= -1  -> 51.36 us  cosine_diff(vs ref)=0.000784  cosine_diff(vs deepgemm)=0.000000
  num_warps=2, ChunkK= 64, SplitKV= -1  -> 51.78 us  cosine_diff(vs ref)=0.000784  cosine_diff(vs deepgemm)=0.000000
  num_warps=4, ChunkK= 64, SplitKV=424  -> 52.07 us  cosine_diff(vs ref)=0.000784  cosine_diff(vs deepgemm)=0.000000
  num_warps=4, ChunkK= 64, SplitKV=408  -> 52.12 us  cosine_diff(vs ref)=0.000784  cosine_diff(vs deepgemm)=0.000000
  num_warps=8, ChunkK= 64, SplitKV= 48  -> 52.76 us  cosine_diff(vs ref)=0.000784  cosine_diff(vs deepgemm)=0.000000
  num_warps=4, ChunkK= 64, SplitKV= 48  -> 53.03 us  cosine_diff(vs ref)=0.000784  cosine_diff(vs deepgemm)=0.000000
  num_warps=8, ChunkK= 64, SplitKV= -1  -> 53.37 us  cosine_diff(vs ref)=0.000784  cosine_diff(vs deepgemm)=0.000000
  num_warps=4, ChunkK=128, SplitKV= 40  -> 53.44 us  cosine_diff(vs ref)=0.000784  cosine_diff(vs deepgemm)=0.000000
  num_warps=4, ChunkK= 64, SplitKV= 64  -> 53.54 us  cosine_diff(vs ref)=0.000784  cosine_diff(vs deepgemm)=0.000000
  num_warps=8, ChunkK= 64, SplitKV= 64  -> 53.57 us  cosine_diff(vs ref)=0.000784  cosine_diff(vs deepgemm)=0.000000
Saved accuracy warnings to tune_results_ver3/logs_p16/gpu3/mtp_0/kvlength_65536/warnings.log
Saved per-config detail log to tune_results_ver3/logs_p16/gpu3/mtp_0/kvlength_65536/detail.log

Saved tune CSV to tune_results_ver3/logs_p16/tune_results_gpu3.csv  (now 2 rows total)
 batch_size  next_n  heads  index_dim  avg_kv_length  var_ratio  deepgemm_us  moreh_us  speedup                                                                                                                                                                          top_configs
          4       1     32        128          65536   0.003906         31.8      23.2    1.367 [(8, 64, 216, 23), (2, 64, -1, 24), (8, 128, 64, 25), (8, 128, 56, 26), (8, 128, 264, 26), (8, 128, 48, 26), (4, 64, 160, 26), (8, 64, 408, 26), (8, 64, 400, 26), (8, 64, 152, 26)]
         12       1     32        128          65536   0.003906         82.2      51.4    1.600        [(4, 64, -1, 51), (2, 64, -1, 51), (4, 64, 424, 52), (4, 64, 408, 52), (8, 64, 48, 52), (4, 64, 48, 53), (8, 64, -1, 53), (4, 128, 40, 53), (4, 64, 64, 53), (8, 64, 64, 53)]

Saved top-1 tune CSV to tune_results_ver3/logs_p16/tune_results_gpu3_top1.csv  (now 2 rows total)
 batch_size  next_n  heads  index_dim  avg_kv_length  var_ratio  deepgemm_us  moreh_us  speedup  num_warp  chunkK  splitK
          4       1     32        128          65536   0.003906         31.8      23.2    1.367         8      64     216
         12       1     32        128          65536   0.003906         82.2      51.4    1.600         4      64      -1
[aiter] import [module_aiter_enum] under /usr/local/lib/python3.12/dist-packages/aiter/jit/module_aiter_enum.so
/usr/local/lib/python3.12/dist-packages/torch/profiler/profiler.py:217: UserWarning: Warning: Profiler clears events at the end of each cycle.Only events from the current cycle will be reported.To keep events across cycles, set acc_events=True.
  _warn_once(

[tune] B=4 next_n=2 heads=32 index_dim=128 avg_kv_length=65536 max_model_len=202752
  ck= 64 -> 133 SplitKV values: [-1, 1, 2, 4, 8, 16, 24, 32, 40, 48, 56, 64, 72, 80, 88, 96, 104, 112, 120, 128, 136, 144, 152, 160, 168, 176, 184, 192, 200, 208, 216, 224, 232, 240, 248, 256, 264, 272, 280, 288, 296, 304, 312, 320, 328, 336, 344, 352, 360, 368, 376, 384, 392, 400, 408, 416, 424, 432, 440, 448, 456, 464, 472, 480, 488, 496, 504, 512, 520, 528, 536, 544, 552, 560, 568, 576, 584, 592, 600, 608, 616, 624, 632, 640, 648, 656, 664, 672, 680, 688, 696, 704, 712, 720, 728, 736, 744, 752, 760, 768, 776, 784, 792, 800, 808, 816, 824, 832, 840, 848, 856, 864, 872, 880, 888, 896, 904, 912, 920, 928, 936, 944, 952, 960, 968, 976, 984, 992, 1000, 1008, 1016, 1024, 1028]
  ck=128 -> 69 SplitKV values: [-1, 1, 2, 4, 8, 16, 24, 32, 40, 48, 56, 64, 72, 80, 88, 96, 104, 112, 120, 128, 136, 144, 152, 160, 168, 176, 184, 192, 200, 208, 216, 224, 232, 240, 248, 256, 264, 272, 280, 288, 296, 304, 312, 320, 328, 336, 344, 352, 360, 368, 376, 384, 392, 400, 408, 416, 424, 432, 440, 448, 456, 464, 472, 480, 488, 496, 504, 512, 514]
  ck=256 -> 37 SplitKV values: [-1, 1, 2, 4, 8, 16, 24, 32, 40, 48, 56, 64, 72, 80, 88, 96, 104, 112, 120, 128, 136, 144, 152, 160, 168, 176, 184, 192, 200, 208, 216, 224, 232, 240, 248, 256, 257]
  ck= 64 -> 133 SplitKV values: [-1, 1, 2, 4, 8, 16, 24, 32, 40, 48, 56, 64, 72, 80, 88, 96, 104, 112, 120, 128, 136, 144, 152, 160, 168, 176, 184, 192, 200, 208, 216, 224, 232, 240, 248, 256, 264, 272, 280, 288, 296, 304, 312, 320, 328, 336, 344, 352, 360, 368, 376, 384, 392, 400, 408, 416, 424, 432, 440, 448, 456, 464, 472, 480, 488, 496, 504, 512, 520, 528, 536, 544, 552, 560, 568, 576, 584, 592, 600, 608, 616, 624, 632, 640, 648, 656, 664, 672, 680, 688, 696, 704, 712, 720, 728, 736, 744, 752, 760, 768, 776, 784, 792, 800, 808, 816, 824, 832, 840, 848, 856, 864, 872, 880, 888, 896, 904, 912, 920, 928, 936, 944, 952, 960, 968, 976, 984, 992, 1000, 1008, 1016, 1024, 1028]
  ck=128 -> 69 SplitKV values: [-1, 1, 2, 4, 8, 16, 24, 32, 40, 48, 56, 64, 72, 80, 88, 96, 104, 112, 120, 128, 136, 144, 152, 160, 168, 176, 184, 192, 200, 208, 216, 224, 232, 240, 248, 256, 264, 272, 280, 288, 296, 304, 312, 320, 328, 336, 344, 352, 360, 368, 376, 384, 392, 400, 408, 416, 424, 432, 440, 448, 456, 464, 472, 480, 488, 496, 504, 512, 514]
  ck=256 -> 37 SplitKV values: [-1, 1, 2, 4, 8, 16, 24, 32, 40, 48, 56, 64, 72, 80, 88, 96, 104, 112, 120, 128, 136, 144, 152, 160, 168, 176, 184, 192, 200, 208, 216, 224, 232, 240, 248, 256, 257]
  ck= 64 -> 133 SplitKV values: [-1, 1, 2, 4, 8, 16, 24, 32, 40, 48, 56, 64, 72, 80, 88, 96, 104, 112, 120, 128, 136, 144, 152, 160, 168, 176, 184, 192, 200, 208, 216, 224, 232, 240, 248, 256, 264, 272, 280, 288, 296, 304, 312, 320, 328, 336, 344, 352, 360, 368, 376, 384, 392, 400, 408, 416, 424, 432, 440, 448, 456, 464, 472, 480, 488, 496, 504, 512, 520, 528, 536, 544, 552, 560, 568, 576, 584, 592, 600, 608, 616, 624, 632, 640, 648, 656, 664, 672, 680, 688, 696, 704, 712, 720, 728, 736, 744, 752, 760, 768, 776, 784, 792, 800, 808, 816, 824, 832, 840, 848, 856, 864, 872, 880, 888, 896, 904, 912, 920, 928, 936, 944, 952, 960, 968, 976, 984, 992, 1000, 1008, 1016, 1024, 1028]
  ck=128 -> 69 SplitKV values: [-1, 1, 2, 4, 8, 16, 24, 32, 40, 48, 56, 64, 72, 80, 88, 96, 104, 112, 120, 128, 136, 144, 152, 160, 168, 176, 184, 192, 200, 208, 216, 224, 232, 240, 248, 256, 264, 272, 280, 288, 296, 304, 312, 320, 328, 336, 344, 352, 360, 368, 376, 384, 392, 400, 408, 416, 424, 432, 440, 448, 456, 464, 472, 480, 488, 496, 504, 512, 514]
  ck=256 -> 37 SplitKV values: [-1, 1, 2, 4, 8, 16, 24, 32, 40, 48, 56, 64, 72, 80, 88, 96, 104, 112, 120, 128, 136, 144, 152, 160, 168, 176, 184, 192, 200, 208, 216, 224, 232, 240, 248, 256, 257]

--- Top-10 configs (B=4) ---
  num_warps=8, ChunkK= 64, SplitKV=112  -> 36.21 us  cosine_diff(vs ref)=0.000863  cosine_diff(vs deepgemm)=0.000000
  num_warps=8, ChunkK= 64, SplitKV= 96  -> 36.23 us  cosine_diff(vs ref)=0.000863  cosine_diff(vs deepgemm)=0.000000
  num_warps=8, ChunkK= 64, SplitKV=104  -> 36.49 us  cosine_diff(vs ref)=0.000863  cosine_diff(vs deepgemm)=0.000000
  num_warps=2, ChunkK= 64, SplitKV= -1  -> 38.47 us  cosine_diff(vs ref)=0.000863  cosine_diff(vs deepgemm)=0.000000
  num_warps=8, ChunkK=128, SplitKV=152  -> 38.81 us  cosine_diff(vs ref)=0.000863  cosine_diff(vs deepgemm)=0.000000
  num_warps=8, ChunkK= 64, SplitKV=264  -> 39.03 us  cosine_diff(vs ref)=0.000863  cosine_diff(vs deepgemm)=0.000000
  num_warps=8, ChunkK=128, SplitKV=168  -> 39.07 us  cosine_diff(vs ref)=0.000863  cosine_diff(vs deepgemm)=0.000000
  num_warps=8, ChunkK= 64, SplitKV=320  -> 39.11 us  cosine_diff(vs ref)=0.000863  cosine_diff(vs deepgemm)=0.000000
  num_warps=8, ChunkK= 64, SplitKV=296  -> 39.28 us  cosine_diff(vs ref)=0.000863  cosine_diff(vs deepgemm)=0.000000
  num_warps=8, ChunkK= 64, SplitKV=288  -> 39.37 us  cosine_diff(vs ref)=0.000863  cosine_diff(vs deepgemm)=0.000000
Saved accuracy warnings to tune_results_ver3/logs_p16/gpu3/mtp_1/kvlength_65536/warnings.log
Saved per-config detail log to tune_results_ver3/logs_p16/gpu3/mtp_1/kvlength_65536/detail.log

Saved tune CSV to tune_results_ver3/logs_p16/tune_results_gpu3.csv  (now 3 rows total)
 batch_size  next_n  heads  index_dim  avg_kv_length  var_ratio  deepgemm_us  moreh_us  speedup                                                                                                                                                                          top_configs
          4       1     32        128          65536   0.003906         31.8      23.2    1.367 [(8, 64, 216, 23), (2, 64, -1, 24), (8, 128, 64, 25), (8, 128, 56, 26), (8, 128, 264, 26), (8, 128, 48, 26), (4, 64, 160, 26), (8, 64, 408, 26), (8, 64, 400, 26), (8, 64, 152, 26)]
          4       2     32        128          65536   0.003906         53.7      36.2    1.482 [(8, 64, 112, 36), (8, 64, 96, 36), (8, 64, 104, 36), (2, 64, -1, 38), (8, 128, 152, 38), (8, 64, 264, 39), (8, 128, 168, 39), (8, 64, 320, 39), (8, 64, 296, 39), (8, 64, 288, 39)]
         12       1     32        128          65536   0.003906         82.2      51.4    1.600        [(4, 64, -1, 51), (2, 64, -1, 51), (4, 64, 424, 52), (4, 64, 408, 52), (8, 64, 48, 52), (4, 64, 48, 53), (8, 64, -1, 53), (4, 128, 40, 53), (4, 64, 64, 53), (8, 64, 64, 53)]

Saved top-1 tune CSV to tune_results_ver3/logs_p16/tune_results_gpu3_top1.csv  (now 3 rows total)
 batch_size  next_n  heads  index_dim  avg_kv_length  var_ratio  deepgemm_us  moreh_us  speedup  num_warp  chunkK  splitK
          4       1     32        128          65536   0.003906         31.8      23.2    1.367         8      64     216
          4       2     32        128          65536   0.003906         53.7      36.2    1.482         8      64     112
         12       1     32        128          65536   0.003906         82.2      51.4    1.600         4      64      -1
[aiter] import [module_aiter_enum] under /usr/local/lib/python3.12/dist-packages/aiter/jit/module_aiter_enum.so
/usr/local/lib/python3.12/dist-packages/torch/profiler/profiler.py:217: UserWarning: Warning: Profiler clears events at the end of each cycle.Only events from the current cycle will be reported.To keep events across cycles, set acc_events=True.
  _warn_once(

[tune] B=12 next_n=2 heads=32 index_dim=128 avg_kv_length=65536 max_model_len=202752
  ck= 64 -> 133 SplitKV values: [-1, 1, 2, 4, 8, 16, 24, 32, 40, 48, 56, 64, 72, 80, 88, 96, 104, 112, 120, 128, 136, 144, 152, 160, 168, 176, 184, 192, 200, 208, 216, 224, 232, 240, 248, 256, 264, 272, 280, 288, 296, 304, 312, 320, 328, 336, 344, 352, 360, 368, 376, 384, 392, 400, 408, 416, 424, 432, 440, 448, 456, 464, 472, 480, 488, 496, 504, 512, 520, 528, 536, 544, 552, 560, 568, 576, 584, 592, 600, 608, 616, 624, 632, 640, 648, 656, 664, 672, 680, 688, 696, 704, 712, 720, 728, 736, 744, 752, 760, 768, 776, 784, 792, 800, 808, 816, 824, 832, 840, 848, 856, 864, 872, 880, 888, 896, 904, 912, 920, 928, 936, 944, 952, 960, 968, 976, 984, 992, 1000, 1008, 1016, 1024, 1028]
  ck=128 -> 69 SplitKV values: [-1, 1, 2, 4, 8, 16, 24, 32, 40, 48, 56, 64, 72, 80, 88, 96, 104, 112, 120, 128, 136, 144, 152, 160, 168, 176, 184, 192, 200, 208, 216, 224, 232, 240, 248, 256, 264, 272, 280, 288, 296, 304, 312, 320, 328, 336, 344, 352, 360, 368, 376, 384, 392, 400, 408, 416, 424, 432, 440, 448, 456, 464, 472, 480, 488, 496, 504, 512, 514]
  ck=256 -> 37 SplitKV values: [-1, 1, 2, 4, 8, 16, 24, 32, 40, 48, 56, 64, 72, 80, 88, 96, 104, 112, 120, 128, 136, 144, 152, 160, 168, 176, 184, 192, 200, 208, 216, 224, 232, 240, 248, 256, 257]
  ck= 64 -> 133 SplitKV values: [-1, 1, 2, 4, 8, 16, 24, 32, 40, 48, 56, 64, 72, 80, 88, 96, 104, 112, 120, 128, 136, 144, 152, 160, 168, 176, 184, 192, 200, 208, 216, 224, 232, 240, 248, 256, 264, 272, 280, 288, 296, 304, 312, 320, 328, 336, 344, 352, 360, 368, 376, 384, 392, 400, 408, 416, 424, 432, 440, 448, 456, 464, 472, 480, 488, 496, 504, 512, 520, 528, 536, 544, 552, 560, 568, 576, 584, 592, 600, 608, 616, 624, 632, 640, 648, 656, 664, 672, 680, 688, 696, 704, 712, 720, 728, 736, 744, 752, 760, 768, 776, 784, 792, 800, 808, 816, 824, 832, 840, 848, 856, 864, 872, 880, 888, 896, 904, 912, 920, 928, 936, 944, 952, 960, 968, 976, 984, 992, 1000, 1008, 1016, 1024, 1028]
  ck=128 -> 69 SplitKV values: [-1, 1, 2, 4, 8, 16, 24, 32, 40, 48, 56, 64, 72, 80, 88, 96, 104, 112, 120, 128, 136, 144, 152, 160, 168, 176, 184, 192, 200, 208, 216, 224, 232, 240, 248, 256, 264, 272, 280, 288, 296, 304, 312, 320, 328, 336, 344, 352, 360, 368, 376, 384, 392, 400, 408, 416, 424, 432, 440, 448, 456, 464, 472, 480, 488, 496, 504, 512, 514]
  ck=256 -> 37 SplitKV values: [-1, 1, 2, 4, 8, 16, 24, 32, 40, 48, 56, 64, 72, 80, 88, 96, 104, 112, 120, 128, 136, 144, 152, 160, 168, 176, 184, 192, 200, 208, 216, 224, 232, 240, 248, 256, 257]
  ck= 64 -> 133 SplitKV values: [-1, 1, 2, 4, 8, 16, 24, 32, 40, 48, 56, 64, 72, 80, 88, 96, 104, 112, 120, 128, 136, 144, 152, 160, 168, 176, 184, 192, 200, 208, 216, 224, 232, 240, 248, 256, 264, 272, 280, 288, 296, 304, 312, 320, 328, 336, 344, 352, 360, 368, 376, 384, 392, 400, 408, 416, 424, 432, 440, 448, 456, 464, 472, 480, 488, 496, 504, 512, 520, 528, 536, 544, 552, 560, 568, 576, 584, 592, 600, 608, 616, 624, 632, 640, 648, 656, 664, 672, 680, 688, 696, 704, 712, 720, 728, 736, 744, 752, 760, 768, 776, 784, 792, 800, 808, 816, 824, 832, 840, 848, 856, 864, 872, 880, 888, 896, 904, 912, 920, 928, 936, 944, 952, 960, 968, 976, 984, 992, 1000, 1008, 1016, 1024, 1028]
  ck=128 -> 69 SplitKV values: [-1, 1, 2, 4, 8, 16, 24, 32, 40, 48, 56, 64, 72, 80, 88, 96, 104, 112, 120, 128, 136, 144, 152, 160, 168, 176, 184, 192, 200, 208, 216, 224, 232, 240, 248, 256, 264, 272, 280, 288, 296, 304, 312, 320, 328, 336, 344, 352, 360, 368, 376, 384, 392, 400, 408, 416, 424, 432, 440, 448, 456, 464, 472, 480, 488, 496, 504, 512, 514]
  ck=256 -> 37 SplitKV values: [-1, 1, 2, 4, 8, 16, 24, 32, 40, 48, 56, 64, 72, 80, 88, 96, 104, 112, 120, 128, 136, 144, 152, 160, 168, 176, 184, 192, 200, 208, 216, 224, 232, 240, 248, 256, 257]

--- Top-10 configs (B=12) ---
  num_warps=4, ChunkK= 64, SplitKV= 24  -> 86.46 us  cosine_diff(vs ref)=0.000653  cosine_diff(vs deepgemm)=0.000000
  num_warps=8, ChunkK= 64, SplitKV= 24  -> 86.65 us  cosine_diff(vs ref)=0.000653  cosine_diff(vs deepgemm)=0.000000
  num_warps=4, ChunkK= 64, SplitKV= 32  -> 87.63 us  cosine_diff(vs ref)=0.000653  cosine_diff(vs deepgemm)=0.000000
  num_warps=2, ChunkK= 64, SplitKV= -1  -> 87.89 us  cosine_diff(vs ref)=0.000653  cosine_diff(vs deepgemm)=0.000000
  num_warps=8, ChunkK= 64, SplitKV= 32  -> 88.08 us  cosine_diff(vs ref)=0.000653  cosine_diff(vs deepgemm)=0.000000
  num_warps=4, ChunkK= 64, SplitKV= -1  -> 88.58 us  cosine_diff(vs ref)=0.000653  cosine_diff(vs deepgemm)=0.000000
  num_warps=8, ChunkK= 64, SplitKV= -1  -> 88.86 us  cosine_diff(vs ref)=0.000653  cosine_diff(vs deepgemm)=0.000000
  num_warps=2, ChunkK= 64, SplitKV= 32  -> 88.87 us  cosine_diff(vs ref)=0.000653  cosine_diff(vs deepgemm)=0.000000
  num_warps=4, ChunkK=128, SplitKV= 24  -> 88.94 us  cosine_diff(vs ref)=0.000653  cosine_diff(vs deepgemm)=0.000000
  num_warps=4, ChunkK= 64, SplitKV=328  -> 90.58 us  cosine_diff(vs ref)=0.000653  cosine_diff(vs deepgemm)=0.000000
Saved accuracy warnings to tune_results_ver3/logs_p16/gpu3/mtp_1/kvlength_65536/warnings.log
Saved per-config detail log to tune_results_ver3/logs_p16/gpu3/mtp_1/kvlength_65536/detail.log

Saved tune CSV to tune_results_ver3/logs_p16/tune_results_gpu3.csv  (now 4 rows total)
 batch_size  next_n  heads  index_dim  avg_kv_length  var_ratio  deepgemm_us  moreh_us  speedup                                                                                                                                                                          top_configs
          4       1     32        128          65536   0.003906         31.8      23.2    1.367 [(8, 64, 216, 23), (2, 64, -1, 24), (8, 128, 64, 25), (8, 128, 56, 26), (8, 128, 264, 26), (8, 128, 48, 26), (4, 64, 160, 26), (8, 64, 408, 26), (8, 64, 400, 26), (8, 64, 152, 26)]
          4       2     32        128          65536   0.003906         53.7      36.2    1.482 [(8, 64, 112, 36), (8, 64, 96, 36), (8, 64, 104, 36), (2, 64, -1, 38), (8, 128, 152, 38), (8, 64, 264, 39), (8, 128, 168, 39), (8, 64, 320, 39), (8, 64, 296, 39), (8, 64, 288, 39)]
         12       1     32        128          65536   0.003906         82.2      51.4    1.600        [(4, 64, -1, 51), (2, 64, -1, 51), (4, 64, 424, 52), (4, 64, 408, 52), (8, 64, 48, 52), (4, 64, 48, 53), (8, 64, -1, 53), (4, 128, 40, 53), (4, 64, 64, 53), (8, 64, 64, 53)]
         12       2     32        128          65536   0.003906        167.2      86.5    1.934         [(4, 64, 24, 86), (8, 64, 24, 86), (4, 64, 32, 87), (2, 64, -1, 87), (8, 64, 32, 88), (4, 64, -1, 88), (8, 64, -1, 88), (2, 64, 32, 88), (4, 128, 24, 88), (4, 64, 328, 90)]

Saved top-1 tune CSV to tune_results_ver3/logs_p16/tune_results_gpu3_top1.csv  (now 4 rows total)
 batch_size  next_n  heads  index_dim  avg_kv_length  var_ratio  deepgemm_us  moreh_us  speedup  num_warp  chunkK  splitK
          4       1     32        128          65536   0.003906         31.8      23.2    1.367         8      64     216
          4       2     32        128          65536   0.003906         53.7      36.2    1.482         8      64     112
         12       1     32        128          65536   0.003906         82.2      51.4    1.600         4      64      -1
         12       2     32        128          65536   0.003906        167.2      86.5    1.934         4      64      24
