[aiter] import [module_aiter_enum] under /usr/local/lib/python3.12/dist-packages/aiter/jit/module_aiter_enum.so
/usr/local/lib/python3.12/dist-packages/torch/profiler/profiler.py:217: UserWarning: Warning: Profiler clears events at the end of each cycle.Only events from the current cycle will be reported.To keep events across cycles, set acc_events=True.
  _warn_once(

[tune] B=2 next_n=1 heads=32 index_dim=128 avg_kv_length=65536 max_model_len=202752
  ck= 64 -> 133 SplitKV values: [-1, 1, 2, 4, 8, 16, 24, 32, 40, 48, 56, 64, 72, 80, 88, 96, 104, 112, 120, 128, 136, 144, 152, 160, 168, 176, 184, 192, 200, 208, 216, 224, 232, 240, 248, 256, 264, 272, 280, 288, 296, 304, 312, 320, 328, 336, 344, 352, 360, 368, 376, 384, 392, 400, 408, 416, 424, 432, 440, 448, 456, 464, 472, 480, 488, 496, 504, 512, 520, 528, 536, 544, 552, 560, 568, 576, 584, 592, 600, 608, 616, 624, 632, 640, 648, 656, 664, 672, 680, 688, 696, 704, 712, 720, 728, 736, 744, 752, 760, 768, 776, 784, 792, 800, 808, 816, 824, 832, 840, 848, 856, 864, 872, 880, 888, 896, 904, 912, 920, 928, 936, 944, 952, 960, 968, 976, 984, 992, 1000, 1008, 1016, 1024, 1028]
  ck=128 -> 69 SplitKV values: [-1, 1, 2, 4, 8, 16, 24, 32, 40, 48, 56, 64, 72, 80, 88, 96, 104, 112, 120, 128, 136, 144, 152, 160, 168, 176, 184, 192, 200, 208, 216, 224, 232, 240, 248, 256, 264, 272, 280, 288, 296, 304, 312, 320, 328, 336, 344, 352, 360, 368, 376, 384, 392, 400, 408, 416, 424, 432, 440, 448, 456, 464, 472, 480, 488, 496, 504, 512, 514]
  ck=256 -> 37 SplitKV values: [-1, 1, 2, 4, 8, 16, 24, 32, 40, 48, 56, 64, 72, 80, 88, 96, 104, 112, 120, 128, 136, 144, 152, 160, 168, 176, 184, 192, 200, 208, 216, 224, 232, 240, 248, 256, 257]
  ck= 64 -> 133 SplitKV values: [-1, 1, 2, 4, 8, 16, 24, 32, 40, 48, 56, 64, 72, 80, 88, 96, 104, 112, 120, 128, 136, 144, 152, 160, 168, 176, 184, 192, 200, 208, 216, 224, 232, 240, 248, 256, 264, 272, 280, 288, 296, 304, 312, 320, 328, 336, 344, 352, 360, 368, 376, 384, 392, 400, 408, 416, 424, 432, 440, 448, 456, 464, 472, 480, 488, 496, 504, 512, 520, 528, 536, 544, 552, 560, 568, 576, 584, 592, 600, 608, 616, 624, 632, 640, 648, 656, 664, 672, 680, 688, 696, 704, 712, 720, 728, 736, 744, 752, 760, 768, 776, 784, 792, 800, 808, 816, 824, 832, 840, 848, 856, 864, 872, 880, 888, 896, 904, 912, 920, 928, 936, 944, 952, 960, 968, 976, 984, 992, 1000, 1008, 1016, 1024, 1028]
  ck=128 -> 69 SplitKV values: [-1, 1, 2, 4, 8, 16, 24, 32, 40, 48, 56, 64, 72, 80, 88, 96, 104, 112, 120, 128, 136, 144, 152, 160, 168, 176, 184, 192, 200, 208, 216, 224, 232, 240, 248, 256, 264, 272, 280, 288, 296, 304, 312, 320, 328, 336, 344, 352, 360, 368, 376, 384, 392, 400, 408, 416, 424, 432, 440, 448, 456, 464, 472, 480, 488, 496, 504, 512, 514]
  ck=256 -> 37 SplitKV values: [-1, 1, 2, 4, 8, 16, 24, 32, 40, 48, 56, 64, 72, 80, 88, 96, 104, 112, 120, 128, 136, 144, 152, 160, 168, 176, 184, 192, 200, 208, 216, 224, 232, 240, 248, 256, 257]
  ck= 64 -> 133 SplitKV values: [-1, 1, 2, 4, 8, 16, 24, 32, 40, 48, 56, 64, 72, 80, 88, 96, 104, 112, 120, 128, 136, 144, 152, 160, 168, 176, 184, 192, 200, 208, 216, 224, 232, 240, 248, 256, 264, 272, 280, 288, 296, 304, 312, 320, 328, 336, 344, 352, 360, 368, 376, 384, 392, 400, 408, 416, 424, 432, 440, 448, 456, 464, 472, 480, 488, 496, 504, 512, 520, 528, 536, 544, 552, 560, 568, 576, 584, 592, 600, 608, 616, 624, 632, 640, 648, 656, 664, 672, 680, 688, 696, 704, 712, 720, 728, 736, 744, 752, 760, 768, 776, 784, 792, 800, 808, 816, 824, 832, 840, 848, 856, 864, 872, 880, 888, 896, 904, 912, 920, 928, 936, 944, 952, 960, 968, 976, 984, 992, 1000, 1008, 1016, 1024, 1028]
  ck=128 -> 69 SplitKV values: [-1, 1, 2, 4, 8, 16, 24, 32, 40, 48, 56, 64, 72, 80, 88, 96, 104, 112, 120, 128, 136, 144, 152, 160, 168, 176, 184, 192, 200, 208, 216, 224, 232, 240, 248, 256, 264, 272, 280, 288, 296, 304, 312, 320, 328, 336, 344, 352, 360, 368, 376, 384, 392, 400, 408, 416, 424, 432, 440, 448, 456, 464, 472, 480, 488, 496, 504, 512, 514]
  ck=256 -> 37 SplitKV values: [-1, 1, 2, 4, 8, 16, 24, 32, 40, 48, 56, 64, 72, 80, 88, 96, 104, 112, 120, 128, 136, 144, 152, 160, 168, 176, 184, 192, 200, 208, 216, 224, 232, 240, 248, 256, 257]

--- Top-10 configs (B=2) ---
  num_warps=4, ChunkK= 64, SplitKV=880  -> 16.55 us  cosine_diff(vs ref)=0.000895  cosine_diff(vs deepgemm)=0.000000
  num_warps=4, ChunkK= 64, SplitKV=888  -> 16.79 us  cosine_diff(vs ref)=0.000895  cosine_diff(vs deepgemm)=0.000000
  num_warps=4, ChunkK= 64, SplitKV=768  -> 16.81 us  cosine_diff(vs ref)=0.000895  cosine_diff(vs deepgemm)=0.000000
  num_warps=4, ChunkK= 64, SplitKV=400  -> 17.21 us  cosine_diff(vs ref)=0.000895  cosine_diff(vs deepgemm)=0.000000
  num_warps=8, ChunkK=128, SplitKV=336  -> 17.21 us  cosine_diff(vs ref)=0.000895  cosine_diff(vs deepgemm)=0.000000
  num_warps=4, ChunkK= 64, SplitKV=992  -> 17.44 us  cosine_diff(vs ref)=0.000895  cosine_diff(vs deepgemm)=0.000000
  num_warps=4, ChunkK= 64, SplitKV=904  -> 17.45 us  cosine_diff(vs ref)=0.000895  cosine_diff(vs deepgemm)=0.000000
  num_warps=4, ChunkK= 64, SplitKV=528  -> 17.55 us  cosine_diff(vs ref)=0.000895  cosine_diff(vs deepgemm)=0.000000
  num_warps=4, ChunkK= 64, SplitKV=984  -> 17.59 us  cosine_diff(vs ref)=0.000895  cosine_diff(vs deepgemm)=0.000000
  num_warps=4, ChunkK= 64, SplitKV=592  -> 17.60 us  cosine_diff(vs ref)=0.000895  cosine_diff(vs deepgemm)=0.000000
Saved accuracy warnings to tune_results_ver4/logs/gpu1/mtp_0/kvlength_65536/warnings.log
Saved per-config detail log to tune_results_ver4/logs/gpu1/mtp_0/kvlength_65536/detail.log

Saved tune CSV to tune_results_ver4/logs/tune_results_gpu1.csv  (now 1 rows total)
 batch_size  next_n  heads  index_dim  avg_kv_length  var_ratio  deepgemm_us  moreh_us  speedup                                                                                                                                                                           top_configs
          2       1     32        128          65536   0.003906         14.3      16.6    0.866 [(4, 64, 880, 16), (4, 64, 888, 16), (4, 64, 768, 16), (4, 64, 400, 17), (8, 128, 336, 17), (4, 64, 992, 17), (4, 64, 904, 17), (4, 64, 528, 17), (4, 64, 984, 17), (4, 64, 592, 17)]

Saved top-1 tune CSV to tune_results_ver4/logs/tune_results_gpu1_top1.csv  (now 1 rows total)
 batch_size  next_n  heads  index_dim  avg_kv_length  var_ratio  deepgemm_us  moreh_us  speedup  num_warp  chunkK  splitK
          2       1     32        128          65536   0.003906         14.3      16.6    0.866         4      64     880
[aiter] import [module_aiter_enum] under /usr/local/lib/python3.12/dist-packages/aiter/jit/module_aiter_enum.so
/usr/local/lib/python3.12/dist-packages/torch/profiler/profiler.py:217: UserWarning: Warning: Profiler clears events at the end of each cycle.Only events from the current cycle will be reported.To keep events across cycles, set acc_events=True.
  _warn_once(

[tune] B=10 next_n=1 heads=32 index_dim=128 avg_kv_length=65536 max_model_len=202752
  ck= 64 -> 133 SplitKV values: [-1, 1, 2, 4, 8, 16, 24, 32, 40, 48, 56, 64, 72, 80, 88, 96, 104, 112, 120, 128, 136, 144, 152, 160, 168, 176, 184, 192, 200, 208, 216, 224, 232, 240, 248, 256, 264, 272, 280, 288, 296, 304, 312, 320, 328, 336, 344, 352, 360, 368, 376, 384, 392, 400, 408, 416, 424, 432, 440, 448, 456, 464, 472, 480, 488, 496, 504, 512, 520, 528, 536, 544, 552, 560, 568, 576, 584, 592, 600, 608, 616, 624, 632, 640, 648, 656, 664, 672, 680, 688, 696, 704, 712, 720, 728, 736, 744, 752, 760, 768, 776, 784, 792, 800, 808, 816, 824, 832, 840, 848, 856, 864, 872, 880, 888, 896, 904, 912, 920, 928, 936, 944, 952, 960, 968, 976, 984, 992, 1000, 1008, 1016, 1024, 1028]
  ck=128 -> 69 SplitKV values: [-1, 1, 2, 4, 8, 16, 24, 32, 40, 48, 56, 64, 72, 80, 88, 96, 104, 112, 120, 128, 136, 144, 152, 160, 168, 176, 184, 192, 200, 208, 216, 224, 232, 240, 248, 256, 264, 272, 280, 288, 296, 304, 312, 320, 328, 336, 344, 352, 360, 368, 376, 384, 392, 400, 408, 416, 424, 432, 440, 448, 456, 464, 472, 480, 488, 496, 504, 512, 514]
  ck=256 -> 37 SplitKV values: [-1, 1, 2, 4, 8, 16, 24, 32, 40, 48, 56, 64, 72, 80, 88, 96, 104, 112, 120, 128, 136, 144, 152, 160, 168, 176, 184, 192, 200, 208, 216, 224, 232, 240, 248, 256, 257]
  ck= 64 -> 133 SplitKV values: [-1, 1, 2, 4, 8, 16, 24, 32, 40, 48, 56, 64, 72, 80, 88, 96, 104, 112, 120, 128, 136, 144, 152, 160, 168, 176, 184, 192, 200, 208, 216, 224, 232, 240, 248, 256, 264, 272, 280, 288, 296, 304, 312, 320, 328, 336, 344, 352, 360, 368, 376, 384, 392, 400, 408, 416, 424, 432, 440, 448, 456, 464, 472, 480, 488, 496, 504, 512, 520, 528, 536, 544, 552, 560, 568, 576, 584, 592, 600, 608, 616, 624, 632, 640, 648, 656, 664, 672, 680, 688, 696, 704, 712, 720, 728, 736, 744, 752, 760, 768, 776, 784, 792, 800, 808, 816, 824, 832, 840, 848, 856, 864, 872, 880, 888, 896, 904, 912, 920, 928, 936, 944, 952, 960, 968, 976, 984, 992, 1000, 1008, 1016, 1024, 1028]
  ck=128 -> 69 SplitKV values: [-1, 1, 2, 4, 8, 16, 24, 32, 40, 48, 56, 64, 72, 80, 88, 96, 104, 112, 120, 128, 136, 144, 152, 160, 168, 176, 184, 192, 200, 208, 216, 224, 232, 240, 248, 256, 264, 272, 280, 288, 296, 304, 312, 320, 328, 336, 344, 352, 360, 368, 376, 384, 392, 400, 408, 416, 424, 432, 440, 448, 456, 464, 472, 480, 488, 496, 504, 512, 514]
  ck=256 -> 37 SplitKV values: [-1, 1, 2, 4, 8, 16, 24, 32, 40, 48, 56, 64, 72, 80, 88, 96, 104, 112, 120, 128, 136, 144, 152, 160, 168, 176, 184, 192, 200, 208, 216, 224, 232, 240, 248, 256, 257]
  ck= 64 -> 133 SplitKV values: [-1, 1, 2, 4, 8, 16, 24, 32, 40, 48, 56, 64, 72, 80, 88, 96, 104, 112, 120, 128, 136, 144, 152, 160, 168, 176, 184, 192, 200, 208, 216, 224, 232, 240, 248, 256, 264, 272, 280, 288, 296, 304, 312, 320, 328, 336, 344, 352, 360, 368, 376, 384, 392, 400, 408, 416, 424, 432, 440, 448, 456, 464, 472, 480, 488, 496, 504, 512, 520, 528, 536, 544, 552, 560, 568, 576, 584, 592, 600, 608, 616, 624, 632, 640, 648, 656, 664, 672, 680, 688, 696, 704, 712, 720, 728, 736, 744, 752, 760, 768, 776, 784, 792, 800, 808, 816, 824, 832, 840, 848, 856, 864, 872, 880, 888, 896, 904, 912, 920, 928, 936, 944, 952, 960, 968, 976, 984, 992, 1000, 1008, 1016, 1024, 1028]
  ck=128 -> 69 SplitKV values: [-1, 1, 2, 4, 8, 16, 24, 32, 40, 48, 56, 64, 72, 80, 88, 96, 104, 112, 120, 128, 136, 144, 152, 160, 168, 176, 184, 192, 200, 208, 216, 224, 232, 240, 248, 256, 264, 272, 280, 288, 296, 304, 312, 320, 328, 336, 344, 352, 360, 368, 376, 384, 392, 400, 408, 416, 424, 432, 440, 448, 456, 464, 472, 480, 488, 496, 504, 512, 514]
  ck=256 -> 37 SplitKV values: [-1, 1, 2, 4, 8, 16, 24, 32, 40, 48, 56, 64, 72, 80, 88, 96, 104, 112, 120, 128, 136, 144, 152, 160, 168, 176, 184, 192, 200, 208, 216, 224, 232, 240, 248, 256, 257]

--- Top-10 configs (B=10) ---
  num_warps=8, ChunkK=128, SplitKV= 56  -> 40.12 us  cosine_diff(vs ref)=0.000694  cosine_diff(vs deepgemm)=0.000000
  num_warps=8, ChunkK=128, SplitKV= 80  -> 41.33 us  cosine_diff(vs ref)=0.000694  cosine_diff(vs deepgemm)=0.000000
  num_warps=4, ChunkK=128, SplitKV= 80  -> 42.88 us  cosine_diff(vs ref)=0.000694  cosine_diff(vs deepgemm)=0.000000
  num_warps=8, ChunkK=256, SplitKV= 32  -> 43.96 us  cosine_diff(vs ref)=0.000694  cosine_diff(vs deepgemm)=0.000000
  num_warps=4, ChunkK= 64, SplitKV= 88  -> 44.59 us  cosine_diff(vs ref)=0.000694  cosine_diff(vs deepgemm)=0.000000
  num_warps=8, ChunkK=128, SplitKV=240  -> 44.71 us  cosine_diff(vs ref)=0.000694  cosine_diff(vs deepgemm)=0.000000
  num_warps=8, ChunkK=128, SplitKV=224  -> 44.75 us  cosine_diff(vs ref)=0.000694  cosine_diff(vs deepgemm)=0.000000
  num_warps=8, ChunkK=128, SplitKV=216  -> 44.87 us  cosine_diff(vs ref)=0.000694  cosine_diff(vs deepgemm)=0.000000
  num_warps=8, ChunkK=128, SplitKV=232  -> 45.26 us  cosine_diff(vs ref)=0.000694  cosine_diff(vs deepgemm)=0.000000
  num_warps=4, ChunkK= 64, SplitKV=120  -> 45.34 us  cosine_diff(vs ref)=0.000694  cosine_diff(vs deepgemm)=0.000000
Saved accuracy warnings to tune_results_ver4/logs/gpu1/mtp_0/kvlength_65536/warnings.log
Saved per-config detail log to tune_results_ver4/logs/gpu1/mtp_0/kvlength_65536/detail.log

Saved tune CSV to tune_results_ver4/logs/tune_results_gpu1.csv  (now 2 rows total)
 batch_size  next_n  heads  index_dim  avg_kv_length  var_ratio  deepgemm_us  moreh_us  speedup                                                                                                                                                                             top_configs
          2       1     32        128          65536   0.003906         14.3      16.6    0.866   [(4, 64, 880, 16), (4, 64, 888, 16), (4, 64, 768, 16), (4, 64, 400, 17), (8, 128, 336, 17), (4, 64, 992, 17), (4, 64, 904, 17), (4, 64, 528, 17), (4, 64, 984, 17), (4, 64, 592, 17)]
         10       1     32        128          65536   0.003906         61.5      40.1    1.532 [(8, 128, 56, 40), (8, 128, 80, 41), (4, 128, 80, 42), (8, 256, 32, 43), (4, 64, 88, 44), (8, 128, 240, 44), (8, 128, 224, 44), (8, 128, 216, 44), (8, 128, 232, 45), (4, 64, 120, 45)]

Saved top-1 tune CSV to tune_results_ver4/logs/tune_results_gpu1_top1.csv  (now 2 rows total)
 batch_size  next_n  heads  index_dim  avg_kv_length  var_ratio  deepgemm_us  moreh_us  speedup  num_warp  chunkK  splitK
          2       1     32        128          65536   0.003906         14.3      16.6    0.866         4      64     880
         10       1     32        128          65536   0.003906         61.5      40.1    1.532         8     128      56
[aiter] import [module_aiter_enum] under /usr/local/lib/python3.12/dist-packages/aiter/jit/module_aiter_enum.so
/usr/local/lib/python3.12/dist-packages/torch/profiler/profiler.py:217: UserWarning: Warning: Profiler clears events at the end of each cycle.Only events from the current cycle will be reported.To keep events across cycles, set acc_events=True.
  _warn_once(

[tune] B=2 next_n=2 heads=32 index_dim=128 avg_kv_length=65536 max_model_len=202752
  ck= 64 -> 133 SplitKV values: [-1, 1, 2, 4, 8, 16, 24, 32, 40, 48, 56, 64, 72, 80, 88, 96, 104, 112, 120, 128, 136, 144, 152, 160, 168, 176, 184, 192, 200, 208, 216, 224, 232, 240, 248, 256, 264, 272, 280, 288, 296, 304, 312, 320, 328, 336, 344, 352, 360, 368, 376, 384, 392, 400, 408, 416, 424, 432, 440, 448, 456, 464, 472, 480, 488, 496, 504, 512, 520, 528, 536, 544, 552, 560, 568, 576, 584, 592, 600, 608, 616, 624, 632, 640, 648, 656, 664, 672, 680, 688, 696, 704, 712, 720, 728, 736, 744, 752, 760, 768, 776, 784, 792, 800, 808, 816, 824, 832, 840, 848, 856, 864, 872, 880, 888, 896, 904, 912, 920, 928, 936, 944, 952, 960, 968, 976, 984, 992, 1000, 1008, 1016, 1024, 1028]
  ck=128 -> 69 SplitKV values: [-1, 1, 2, 4, 8, 16, 24, 32, 40, 48, 56, 64, 72, 80, 88, 96, 104, 112, 120, 128, 136, 144, 152, 160, 168, 176, 184, 192, 200, 208, 216, 224, 232, 240, 248, 256, 264, 272, 280, 288, 296, 304, 312, 320, 328, 336, 344, 352, 360, 368, 376, 384, 392, 400, 408, 416, 424, 432, 440, 448, 456, 464, 472, 480, 488, 496, 504, 512, 514]
  ck=256 -> 37 SplitKV values: [-1, 1, 2, 4, 8, 16, 24, 32, 40, 48, 56, 64, 72, 80, 88, 96, 104, 112, 120, 128, 136, 144, 152, 160, 168, 176, 184, 192, 200, 208, 216, 224, 232, 240, 248, 256, 257]
  ck= 64 -> 133 SplitKV values: [-1, 1, 2, 4, 8, 16, 24, 32, 40, 48, 56, 64, 72, 80, 88, 96, 104, 112, 120, 128, 136, 144, 152, 160, 168, 176, 184, 192, 200, 208, 216, 224, 232, 240, 248, 256, 264, 272, 280, 288, 296, 304, 312, 320, 328, 336, 344, 352, 360, 368, 376, 384, 392, 400, 408, 416, 424, 432, 440, 448, 456, 464, 472, 480, 488, 496, 504, 512, 520, 528, 536, 544, 552, 560, 568, 576, 584, 592, 600, 608, 616, 624, 632, 640, 648, 656, 664, 672, 680, 688, 696, 704, 712, 720, 728, 736, 744, 752, 760, 768, 776, 784, 792, 800, 808, 816, 824, 832, 840, 848, 856, 864, 872, 880, 888, 896, 904, 912, 920, 928, 936, 944, 952, 960, 968, 976, 984, 992, 1000, 1008, 1016, 1024, 1028]
  ck=128 -> 69 SplitKV values: [-1, 1, 2, 4, 8, 16, 24, 32, 40, 48, 56, 64, 72, 80, 88, 96, 104, 112, 120, 128, 136, 144, 152, 160, 168, 176, 184, 192, 200, 208, 216, 224, 232, 240, 248, 256, 264, 272, 280, 288, 296, 304, 312, 320, 328, 336, 344, 352, 360, 368, 376, 384, 392, 400, 408, 416, 424, 432, 440, 448, 456, 464, 472, 480, 488, 496, 504, 512, 514]
  ck=256 -> 37 SplitKV values: [-1, 1, 2, 4, 8, 16, 24, 32, 40, 48, 56, 64, 72, 80, 88, 96, 104, 112, 120, 128, 136, 144, 152, 160, 168, 176, 184, 192, 200, 208, 216, 224, 232, 240, 248, 256, 257]
  ck= 64 -> 133 SplitKV values: [-1, 1, 2, 4, 8, 16, 24, 32, 40, 48, 56, 64, 72, 80, 88, 96, 104, 112, 120, 128, 136, 144, 152, 160, 168, 176, 184, 192, 200, 208, 216, 224, 232, 240, 248, 256, 264, 272, 280, 288, 296, 304, 312, 320, 328, 336, 344, 352, 360, 368, 376, 384, 392, 400, 408, 416, 424, 432, 440, 448, 456, 464, 472, 480, 488, 496, 504, 512, 520, 528, 536, 544, 552, 560, 568, 576, 584, 592, 600, 608, 616, 624, 632, 640, 648, 656, 664, 672, 680, 688, 696, 704, 712, 720, 728, 736, 744, 752, 760, 768, 776, 784, 792, 800, 808, 816, 824, 832, 840, 848, 856, 864, 872, 880, 888, 896, 904, 912, 920, 928, 936, 944, 952, 960, 968, 976, 984, 992, 1000, 1008, 1016, 1024, 1028]
  ck=128 -> 69 SplitKV values: [-1, 1, 2, 4, 8, 16, 24, 32, 40, 48, 56, 64, 72, 80, 88, 96, 104, 112, 120, 128, 136, 144, 152, 160, 168, 176, 184, 192, 200, 208, 216, 224, 232, 240, 248, 256, 264, 272, 280, 288, 296, 304, 312, 320, 328, 336, 344, 352, 360, 368, 376, 384, 392, 400, 408, 416, 424, 432, 440, 448, 456, 464, 472, 480, 488, 496, 504, 512, 514]
  ck=256 -> 37 SplitKV values: [-1, 1, 2, 4, 8, 16, 24, 32, 40, 48, 56, 64, 72, 80, 88, 96, 104, 112, 120, 128, 136, 144, 152, 160, 168, 176, 184, 192, 200, 208, 216, 224, 232, 240, 248, 256, 257]

--- Top-10 configs (B=2) ---
  num_warps=8, ChunkK= 64, SplitKV=168  -> 23.48 us  cosine_diff(vs ref)=0.000484  cosine_diff(vs deepgemm)=0.000000
  num_warps=8, ChunkK= 64, SplitKV=152  -> 23.50 us  cosine_diff(vs ref)=0.000484  cosine_diff(vs deepgemm)=0.000000
  num_warps=8, ChunkK= 64, SplitKV=160  -> 23.53 us  cosine_diff(vs ref)=0.000484  cosine_diff(vs deepgemm)=0.000000
  num_warps=4, ChunkK= 64, SplitKV=480  -> 24.08 us  cosine_diff(vs ref)=0.000484  cosine_diff(vs deepgemm)=0.000000
  num_warps=4, ChunkK= 64, SplitKV=344  -> 24.08 us  cosine_diff(vs ref)=0.000484  cosine_diff(vs deepgemm)=0.000000
  num_warps=4, ChunkK= 64, SplitKV=328  -> 24.32 us  cosine_diff(vs ref)=0.000484  cosine_diff(vs deepgemm)=0.000000
  num_warps=8, ChunkK= 64, SplitKV=176  -> 24.53 us  cosine_diff(vs ref)=0.000484  cosine_diff(vs deepgemm)=0.000000
  num_warps=2, ChunkK= 64, SplitKV=480  -> 25.06 us  cosine_diff(vs ref)=0.000484  cosine_diff(vs deepgemm)=0.000000
  num_warps=4, ChunkK= 64, SplitKV=224  -> 25.36 us  cosine_diff(vs ref)=0.000484  cosine_diff(vs deepgemm)=0.000000
  num_warps=4, ChunkK= 64, SplitKV=248  -> 25.55 us  cosine_diff(vs ref)=0.000484  cosine_diff(vs deepgemm)=0.000000
Saved accuracy warnings to tune_results_ver4/logs/gpu1/mtp_1/kvlength_65536/warnings.log
Saved per-config detail log to tune_results_ver4/logs/gpu1/mtp_1/kvlength_65536/detail.log

Saved tune CSV to tune_results_ver4/logs/tune_results_gpu1.csv  (now 3 rows total)
 batch_size  next_n  heads  index_dim  avg_kv_length  var_ratio  deepgemm_us  moreh_us  speedup                                                                                                                                                                             top_configs
          2       1     32        128          65536   0.003906         14.3      16.6    0.866   [(4, 64, 880, 16), (4, 64, 888, 16), (4, 64, 768, 16), (4, 64, 400, 17), (8, 128, 336, 17), (4, 64, 992, 17), (4, 64, 904, 17), (4, 64, 528, 17), (4, 64, 984, 17), (4, 64, 592, 17)]
          2       2     32        128          65536   0.003906         30.9      23.5    1.318    [(8, 64, 168, 23), (8, 64, 152, 23), (8, 64, 160, 23), (4, 64, 480, 24), (4, 64, 344, 24), (4, 64, 328, 24), (8, 64, 176, 24), (2, 64, 480, 25), (4, 64, 224, 25), (4, 64, 248, 25)]
         10       1     32        128          65536   0.003906         61.5      40.1    1.532 [(8, 128, 56, 40), (8, 128, 80, 41), (4, 128, 80, 42), (8, 256, 32, 43), (4, 64, 88, 44), (8, 128, 240, 44), (8, 128, 224, 44), (8, 128, 216, 44), (8, 128, 232, 45), (4, 64, 120, 45)]

Saved top-1 tune CSV to tune_results_ver4/logs/tune_results_gpu1_top1.csv  (now 3 rows total)
 batch_size  next_n  heads  index_dim  avg_kv_length  var_ratio  deepgemm_us  moreh_us  speedup  num_warp  chunkK  splitK
          2       1     32        128          65536   0.003906         14.3      16.6    0.866         4      64     880
          2       2     32        128          65536   0.003906         30.9      23.5    1.318         8      64     168
         10       1     32        128          65536   0.003906         61.5      40.1    1.532         8     128      56
[aiter] import [module_aiter_enum] under /usr/local/lib/python3.12/dist-packages/aiter/jit/module_aiter_enum.so
/usr/local/lib/python3.12/dist-packages/torch/profiler/profiler.py:217: UserWarning: Warning: Profiler clears events at the end of each cycle.Only events from the current cycle will be reported.To keep events across cycles, set acc_events=True.
  _warn_once(

[tune] B=10 next_n=2 heads=32 index_dim=128 avg_kv_length=65536 max_model_len=202752
  ck= 64 -> 133 SplitKV values: [-1, 1, 2, 4, 8, 16, 24, 32, 40, 48, 56, 64, 72, 80, 88, 96, 104, 112, 120, 128, 136, 144, 152, 160, 168, 176, 184, 192, 200, 208, 216, 224, 232, 240, 248, 256, 264, 272, 280, 288, 296, 304, 312, 320, 328, 336, 344, 352, 360, 368, 376, 384, 392, 400, 408, 416, 424, 432, 440, 448, 456, 464, 472, 480, 488, 496, 504, 512, 520, 528, 536, 544, 552, 560, 568, 576, 584, 592, 600, 608, 616, 624, 632, 640, 648, 656, 664, 672, 680, 688, 696, 704, 712, 720, 728, 736, 744, 752, 760, 768, 776, 784, 792, 800, 808, 816, 824, 832, 840, 848, 856, 864, 872, 880, 888, 896, 904, 912, 920, 928, 936, 944, 952, 960, 968, 976, 984, 992, 1000, 1008, 1016, 1024, 1028]
  ck=128 -> 69 SplitKV values: [-1, 1, 2, 4, 8, 16, 24, 32, 40, 48, 56, 64, 72, 80, 88, 96, 104, 112, 120, 128, 136, 144, 152, 160, 168, 176, 184, 192, 200, 208, 216, 224, 232, 240, 248, 256, 264, 272, 280, 288, 296, 304, 312, 320, 328, 336, 344, 352, 360, 368, 376, 384, 392, 400, 408, 416, 424, 432, 440, 448, 456, 464, 472, 480, 488, 496, 504, 512, 514]
  ck=256 -> 37 SplitKV values: [-1, 1, 2, 4, 8, 16, 24, 32, 40, 48, 56, 64, 72, 80, 88, 96, 104, 112, 120, 128, 136, 144, 152, 160, 168, 176, 184, 192, 200, 208, 216, 224, 232, 240, 248, 256, 257]
  ck= 64 -> 133 SplitKV values: [-1, 1, 2, 4, 8, 16, 24, 32, 40, 48, 56, 64, 72, 80, 88, 96, 104, 112, 120, 128, 136, 144, 152, 160, 168, 176, 184, 192, 200, 208, 216, 224, 232, 240, 248, 256, 264, 272, 280, 288, 296, 304, 312, 320, 328, 336, 344, 352, 360, 368, 376, 384, 392, 400, 408, 416, 424, 432, 440, 448, 456, 464, 472, 480, 488, 496, 504, 512, 520, 528, 536, 544, 552, 560, 568, 576, 584, 592, 600, 608, 616, 624, 632, 640, 648, 656, 664, 672, 680, 688, 696, 704, 712, 720, 728, 736, 744, 752, 760, 768, 776, 784, 792, 800, 808, 816, 824, 832, 840, 848, 856, 864, 872, 880, 888, 896, 904, 912, 920, 928, 936, 944, 952, 960, 968, 976, 984, 992, 1000, 1008, 1016, 1024, 1028]
  ck=128 -> 69 SplitKV values: [-1, 1, 2, 4, 8, 16, 24, 32, 40, 48, 56, 64, 72, 80, 88, 96, 104, 112, 120, 128, 136, 144, 152, 160, 168, 176, 184, 192, 200, 208, 216, 224, 232, 240, 248, 256, 264, 272, 280, 288, 296, 304, 312, 320, 328, 336, 344, 352, 360, 368, 376, 384, 392, 400, 408, 416, 424, 432, 440, 448, 456, 464, 472, 480, 488, 496, 504, 512, 514]
  ck=256 -> 37 SplitKV values: [-1, 1, 2, 4, 8, 16, 24, 32, 40, 48, 56, 64, 72, 80, 88, 96, 104, 112, 120, 128, 136, 144, 152, 160, 168, 176, 184, 192, 200, 208, 216, 224, 232, 240, 248, 256, 257]
  ck= 64 -> 133 SplitKV values: [-1, 1, 2, 4, 8, 16, 24, 32, 40, 48, 56, 64, 72, 80, 88, 96, 104, 112, 120, 128, 136, 144, 152, 160, 168, 176, 184, 192, 200, 208, 216, 224, 232, 240, 248, 256, 264, 272, 280, 288, 296, 304, 312, 320, 328, 336, 344, 352, 360, 368, 376, 384, 392, 400, 408, 416, 424, 432, 440, 448, 456, 464, 472, 480, 488, 496, 504, 512, 520, 528, 536, 544, 552, 560, 568, 576, 584, 592, 600, 608, 616, 624, 632, 640, 648, 656, 664, 672, 680, 688, 696, 704, 712, 720, 728, 736, 744, 752, 760, 768, 776, 784, 792, 800, 808, 816, 824, 832, 840, 848, 856, 864, 872, 880, 888, 896, 904, 912, 920, 928, 936, 944, 952, 960, 968, 976, 984, 992, 1000, 1008, 1016, 1024, 1028]
  ck=128 -> 69 SplitKV values: [-1, 1, 2, 4, 8, 16, 24, 32, 40, 48, 56, 64, 72, 80, 88, 96, 104, 112, 120, 128, 136, 144, 152, 160, 168, 176, 184, 192, 200, 208, 216, 224, 232, 240, 248, 256, 264, 272, 280, 288, 296, 304, 312, 320, 328, 336, 344, 352, 360, 368, 376, 384, 392, 400, 408, 416, 424, 432, 440, 448, 456, 464, 472, 480, 488, 496, 504, 512, 514]
  ck=256 -> 37 SplitKV values: [-1, 1, 2, 4, 8, 16, 24, 32, 40, 48, 56, 64, 72, 80, 88, 96, 104, 112, 120, 128, 136, 144, 152, 160, 168, 176, 184, 192, 200, 208, 216, 224, 232, 240, 248, 256, 257]

--- Top-10 configs (B=10) ---
  num_warps=4, ChunkK= 64, SplitKV= 64  -> 66.42 us  cosine_diff(vs ref)=0.000704  cosine_diff(vs deepgemm)=0.000000
  num_warps=8, ChunkK= 64, SplitKV= 64  -> 69.19 us  cosine_diff(vs ref)=0.000704  cosine_diff(vs deepgemm)=0.000000
  num_warps=4, ChunkK= 64, SplitKV= 56  -> 70.98 us  cosine_diff(vs ref)=0.000704  cosine_diff(vs deepgemm)=0.000000
  num_warps=2, ChunkK= 64, SplitKV= 64  -> 72.71 us  cosine_diff(vs ref)=0.000704  cosine_diff(vs deepgemm)=0.000000
  num_warps=8, ChunkK= 64, SplitKV= 40  -> 73.00 us  cosine_diff(vs ref)=0.000704  cosine_diff(vs deepgemm)=0.000000
  num_warps=4, ChunkK= 64, SplitKV= 40  -> 73.27 us  cosine_diff(vs ref)=0.000704  cosine_diff(vs deepgemm)=0.000000
  num_warps=8, ChunkK=128, SplitKV= -1  -> 73.30 us  cosine_diff(vs ref)=0.000704  cosine_diff(vs deepgemm)=0.000000
  num_warps=8, ChunkK= 64, SplitKV= 96  -> 74.61 us  cosine_diff(vs ref)=0.000704  cosine_diff(vs deepgemm)=0.000000
  num_warps=4, ChunkK= 64, SplitKV=328  -> 75.31 us  cosine_diff(vs ref)=0.000704  cosine_diff(vs deepgemm)=0.000000
  num_warps=8, ChunkK=128, SplitKV= 24  -> 75.75 us  cosine_diff(vs ref)=0.000704  cosine_diff(vs deepgemm)=0.000000
Saved accuracy warnings to tune_results_ver4/logs/gpu1/mtp_1/kvlength_65536/warnings.log
Saved per-config detail log to tune_results_ver4/logs/gpu1/mtp_1/kvlength_65536/detail.log

Saved tune CSV to tune_results_ver4/logs/tune_results_gpu1.csv  (now 4 rows total)
 batch_size  next_n  heads  index_dim  avg_kv_length  var_ratio  deepgemm_us  moreh_us  speedup                                                                                                                                                                             top_configs
          2       1     32        128          65536   0.003906         14.3      16.6    0.866   [(4, 64, 880, 16), (4, 64, 888, 16), (4, 64, 768, 16), (4, 64, 400, 17), (8, 128, 336, 17), (4, 64, 992, 17), (4, 64, 904, 17), (4, 64, 528, 17), (4, 64, 984, 17), (4, 64, 592, 17)]
          2       2     32        128          65536   0.003906         30.9      23.5    1.318    [(8, 64, 168, 23), (8, 64, 152, 23), (8, 64, 160, 23), (4, 64, 480, 24), (4, 64, 344, 24), (4, 64, 328, 24), (8, 64, 176, 24), (2, 64, 480, 25), (4, 64, 224, 25), (4, 64, 248, 25)]
         10       1     32        128          65536   0.003906         61.5      40.1    1.532 [(8, 128, 56, 40), (8, 128, 80, 41), (4, 128, 80, 42), (8, 256, 32, 43), (4, 64, 88, 44), (8, 128, 240, 44), (8, 128, 224, 44), (8, 128, 216, 44), (8, 128, 232, 45), (4, 64, 120, 45)]
         10       2     32        128          65536   0.003906        119.8      66.4    1.803           [(4, 64, 64, 66), (8, 64, 64, 69), (4, 64, 56, 70), (2, 64, 64, 72), (8, 64, 40, 72), (4, 64, 40, 73), (8, 128, -1, 73), (8, 64, 96, 74), (4, 64, 328, 75), (8, 128, 24, 75)]

Saved top-1 tune CSV to tune_results_ver4/logs/tune_results_gpu1_top1.csv  (now 4 rows total)
 batch_size  next_n  heads  index_dim  avg_kv_length  var_ratio  deepgemm_us  moreh_us  speedup  num_warp  chunkK  splitK
          2       1     32        128          65536   0.003906         14.3      16.6    0.866         4      64     880
          2       2     32        128          65536   0.003906         30.9      23.5    1.318         8      64     168
         10       1     32        128          65536   0.003906         61.5      40.1    1.532         8     128      56
         10       2     32        128          65536   0.003906        119.8      66.4    1.803         4      64      64
