
[tune] B=3 next_n=1 heads=32 index_dim=128 avg_kv_length=65536 max_model_len=202752
  ck= 64 -> 133 SplitKV values: [-1, 1, 2, 4, 8, 16, 24, 32, 40, 48, 56, 64, 72, 80, 88, 96, 104, 112, 120, 128, 136, 144, 152, 160, 168, 176, 184, 192, 200, 208, 216, 224, 232, 240, 248, 256, 264, 272, 280, 288, 296, 304, 312, 320, 328, 336, 344, 352, 360, 368, 376, 384, 392, 400, 408, 416, 424, 432, 440, 448, 456, 464, 472, 480, 488, 496, 504, 512, 520, 528, 536, 544, 552, 560, 568, 576, 584, 592, 600, 608, 616, 624, 632, 640, 648, 656, 664, 672, 680, 688, 696, 704, 712, 720, 728, 736, 744, 752, 760, 768, 776, 784, 792, 800, 808, 816, 824, 832, 840, 848, 856, 864, 872, 880, 888, 896, 904, 912, 920, 928, 936, 944, 952, 960, 968, 976, 984, 992, 1000, 1008, 1016, 1024, 1028]
  ck=128 -> 69 SplitKV values: [-1, 1, 2, 4, 8, 16, 24, 32, 40, 48, 56, 64, 72, 80, 88, 96, 104, 112, 120, 128, 136, 144, 152, 160, 168, 176, 184, 192, 200, 208, 216, 224, 232, 240, 248, 256, 264, 272, 280, 288, 296, 304, 312, 320, 328, 336, 344, 352, 360, 368, 376, 384, 392, 400, 408, 416, 424, 432, 440, 448, 456, 464, 472, 480, 488, 496, 504, 512, 514]
  ck=256 -> 37 SplitKV values: [-1, 1, 2, 4, 8, 16, 24, 32, 40, 48, 56, 64, 72, 80, 88, 96, 104, 112, 120, 128, 136, 144, 152, 160, 168, 176, 184, 192, 200, 208, 216, 224, 232, 240, 248, 256, 257]
  ck= 64 -> 133 SplitKV values: [-1, 1, 2, 4, 8, 16, 24, 32, 40, 48, 56, 64, 72, 80, 88, 96, 104, 112, 120, 128, 136, 144, 152, 160, 168, 176, 184, 192, 200, 208, 216, 224, 232, 240, 248, 256, 264, 272, 280, 288, 296, 304, 312, 320, 328, 336, 344, 352, 360, 368, 376, 384, 392, 400, 408, 416, 424, 432, 440, 448, 456, 464, 472, 480, 488, 496, 504, 512, 520, 528, 536, 544, 552, 560, 568, 576, 584, 592, 600, 608, 616, 624, 632, 640, 648, 656, 664, 672, 680, 688, 696, 704, 712, 720, 728, 736, 744, 752, 760, 768, 776, 784, 792, 800, 808, 816, 824, 832, 840, 848, 856, 864, 872, 880, 888, 896, 904, 912, 920, 928, 936, 944, 952, 960, 968, 976, 984, 992, 1000, 1008, 1016, 1024, 1028]
  ck=128 -> 69 SplitKV values: [-1, 1, 2, 4, 8, 16, 24, 32, 40, 48, 56, 64, 72, 80, 88, 96, 104, 112, 120, 128, 136, 144, 152, 160, 168, 176, 184, 192, 200, 208, 216, 224, 232, 240, 248, 256, 264, 272, 280, 288, 296, 304, 312, 320, 328, 336, 344, 352, 360, 368, 376, 384, 392, 400, 408, 416, 424, 432, 440, 448, 456, 464, 472, 480, 488, 496, 504, 512, 514]
  ck=256 -> 37 SplitKV values: [-1, 1, 2, 4, 8, 16, 24, 32, 40, 48, 56, 64, 72, 80, 88, 96, 104, 112, 120, 128, 136, 144, 152, 160, 168, 176, 184, 192, 200, 208, 216, 224, 232, 240, 248, 256, 257]
  ck= 64 -> 133 SplitKV values: [-1, 1, 2, 4, 8, 16, 24, 32, 40, 48, 56, 64, 72, 80, 88, 96, 104, 112, 120, 128, 136, 144, 152, 160, 168, 176, 184, 192, 200, 208, 216, 224, 232, 240, 248, 256, 264, 272, 280, 288, 296, 304, 312, 320, 328, 336, 344, 352, 360, 368, 376, 384, 392, 400, 408, 416, 424, 432, 440, 448, 456, 464, 472, 480, 488, 496, 504, 512, 520, 528, 536, 544, 552, 560, 568, 576, 584, 592, 600, 608, 616, 624, 632, 640, 648, 656, 664, 672, 680, 688, 696, 704, 712, 720, 728, 736, 744, 752, 760, 768, 776, 784, 792, 800, 808, 816, 824, 832, 840, 848, 856, 864, 872, 880, 888, 896, 904, 912, 920, 928, 936, 944, 952, 960, 968, 976, 984, 992, 1000, 1008, 1016, 1024, 1028]
  ck=128 -> 69 SplitKV values: [-1, 1, 2, 4, 8, 16, 24, 32, 40, 48, 56, 64, 72, 80, 88, 96, 104, 112, 120, 128, 136, 144, 152, 160, 168, 176, 184, 192, 200, 208, 216, 224, 232, 240, 248, 256, 264, 272, 280, 288, 296, 304, 312, 320, 328, 336, 344, 352, 360, 368, 376, 384, 392, 400, 408, 416, 424, 432, 440, 448, 456, 464, 472, 480, 488, 496, 504, 512, 514]
  ck=256 -> 37 SplitKV values: [-1, 1, 2, 4, 8, 16, 24, 32, 40, 48, 56, 64, 72, 80, 88, 96, 104, 112, 120, 128, 136, 144, 152, 160, 168, 176, 184, 192, 200, 208, 216, 224, 232, 240, 248, 256, 257]

--- Top-10 configs (B=3) ---
  num_warps=2, ChunkK= 64, SplitKV=352  -> 14.08 us  cosine_diff(vs ref)=0.000546  cosine_diff(vs deepgemm)=0.000000
  num_warps=2, ChunkK= 64, SplitKV=376  -> 14.09 us  cosine_diff(vs ref)=0.000546  cosine_diff(vs deepgemm)=0.000000
  num_warps=2, ChunkK= 64, SplitKV=424  -> 14.13 us  cosine_diff(vs ref)=0.000546  cosine_diff(vs deepgemm)=0.000000
  num_warps=2, ChunkK= 64, SplitKV=400  -> 14.13 us  cosine_diff(vs ref)=0.000546  cosine_diff(vs deepgemm)=0.000000
  num_warps=8, ChunkK=128, SplitKV= 96  -> 14.15 us  cosine_diff(vs ref)=0.000546  cosine_diff(vs deepgemm)=0.000000
  num_warps=2, ChunkK= 64, SplitKV=368  -> 14.16 us  cosine_diff(vs ref)=0.000546  cosine_diff(vs deepgemm)=0.000000
  num_warps=2, ChunkK= 64, SplitKV=448  -> 14.18 us  cosine_diff(vs ref)=0.000546  cosine_diff(vs deepgemm)=0.000000
  num_warps=2, ChunkK= 64, SplitKV=384  -> 14.20 us  cosine_diff(vs ref)=0.000546  cosine_diff(vs deepgemm)=0.000000
  num_warps=2, ChunkK= 64, SplitKV=360  -> 14.22 us  cosine_diff(vs ref)=0.000546  cosine_diff(vs deepgemm)=0.000000
  num_warps=8, ChunkK=128, SplitKV= 88  -> 14.22 us  cosine_diff(vs ref)=0.000546  cosine_diff(vs deepgemm)=0.000000
Saved accuracy warnings to tune_results_ver7/logs/gpu2/mtp_0/kvlength_65536/warnings.log
Saved per-config detail log to tune_results_ver7/logs/gpu2/mtp_0/kvlength_65536/detail.log

Saved tune CSV to tune_results_ver7/logs/tune_results_gpu2.csv  (now 1 rows total)
 batch_size  next_n  heads  index_dim  avg_kv_length  var_ratio  deepgemm_us  moreh_us  speedup                                                                                                                                                                          top_configs
          3       1     32        128          65536   0.003906         26.0      14.1    1.846 [(2, 64, 352, 14), (2, 64, 376, 14), (2, 64, 424, 14), (2, 64, 400, 14), (8, 128, 96, 14), (2, 64, 368, 14), (2, 64, 448, 14), (2, 64, 384, 14), (2, 64, 360, 14), (8, 128, 88, 14)]

Saved top-1 tune CSV to tune_results_ver7/logs/tune_results_gpu2_top1.csv  (now 1 rows total)
 batch_size  next_n  heads  index_dim  avg_kv_length  var_ratio  deepgemm_us  moreh_us  speedup  num_warp  chunkK  splitK
          3       1     32        128          65536   0.003906         26.0      14.1    1.846         2      64     352

[tune] B=11 next_n=1 heads=32 index_dim=128 avg_kv_length=65536 max_model_len=202752
  ck= 64 -> 133 SplitKV values: [-1, 1, 2, 4, 8, 16, 24, 32, 40, 48, 56, 64, 72, 80, 88, 96, 104, 112, 120, 128, 136, 144, 152, 160, 168, 176, 184, 192, 200, 208, 216, 224, 232, 240, 248, 256, 264, 272, 280, 288, 296, 304, 312, 320, 328, 336, 344, 352, 360, 368, 376, 384, 392, 400, 408, 416, 424, 432, 440, 448, 456, 464, 472, 480, 488, 496, 504, 512, 520, 528, 536, 544, 552, 560, 568, 576, 584, 592, 600, 608, 616, 624, 632, 640, 648, 656, 664, 672, 680, 688, 696, 704, 712, 720, 728, 736, 744, 752, 760, 768, 776, 784, 792, 800, 808, 816, 824, 832, 840, 848, 856, 864, 872, 880, 888, 896, 904, 912, 920, 928, 936, 944, 952, 960, 968, 976, 984, 992, 1000, 1008, 1016, 1024, 1028]
  ck=128 -> 69 SplitKV values: [-1, 1, 2, 4, 8, 16, 24, 32, 40, 48, 56, 64, 72, 80, 88, 96, 104, 112, 120, 128, 136, 144, 152, 160, 168, 176, 184, 192, 200, 208, 216, 224, 232, 240, 248, 256, 264, 272, 280, 288, 296, 304, 312, 320, 328, 336, 344, 352, 360, 368, 376, 384, 392, 400, 408, 416, 424, 432, 440, 448, 456, 464, 472, 480, 488, 496, 504, 512, 514]
  ck=256 -> 37 SplitKV values: [-1, 1, 2, 4, 8, 16, 24, 32, 40, 48, 56, 64, 72, 80, 88, 96, 104, 112, 120, 128, 136, 144, 152, 160, 168, 176, 184, 192, 200, 208, 216, 224, 232, 240, 248, 256, 257]
  ck= 64 -> 133 SplitKV values: [-1, 1, 2, 4, 8, 16, 24, 32, 40, 48, 56, 64, 72, 80, 88, 96, 104, 112, 120, 128, 136, 144, 152, 160, 168, 176, 184, 192, 200, 208, 216, 224, 232, 240, 248, 256, 264, 272, 280, 288, 296, 304, 312, 320, 328, 336, 344, 352, 360, 368, 376, 384, 392, 400, 408, 416, 424, 432, 440, 448, 456, 464, 472, 480, 488, 496, 504, 512, 520, 528, 536, 544, 552, 560, 568, 576, 584, 592, 600, 608, 616, 624, 632, 640, 648, 656, 664, 672, 680, 688, 696, 704, 712, 720, 728, 736, 744, 752, 760, 768, 776, 784, 792, 800, 808, 816, 824, 832, 840, 848, 856, 864, 872, 880, 888, 896, 904, 912, 920, 928, 936, 944, 952, 960, 968, 976, 984, 992, 1000, 1008, 1016, 1024, 1028]
  ck=128 -> 69 SplitKV values: [-1, 1, 2, 4, 8, 16, 24, 32, 40, 48, 56, 64, 72, 80, 88, 96, 104, 112, 120, 128, 136, 144, 152, 160, 168, 176, 184, 192, 200, 208, 216, 224, 232, 240, 248, 256, 264, 272, 280, 288, 296, 304, 312, 320, 328, 336, 344, 352, 360, 368, 376, 384, 392, 400, 408, 416, 424, 432, 440, 448, 456, 464, 472, 480, 488, 496, 504, 512, 514]
  ck=256 -> 37 SplitKV values: [-1, 1, 2, 4, 8, 16, 24, 32, 40, 48, 56, 64, 72, 80, 88, 96, 104, 112, 120, 128, 136, 144, 152, 160, 168, 176, 184, 192, 200, 208, 216, 224, 232, 240, 248, 256, 257]
  ck= 64 -> 133 SplitKV values: [-1, 1, 2, 4, 8, 16, 24, 32, 40, 48, 56, 64, 72, 80, 88, 96, 104, 112, 120, 128, 136, 144, 152, 160, 168, 176, 184, 192, 200, 208, 216, 224, 232, 240, 248, 256, 264, 272, 280, 288, 296, 304, 312, 320, 328, 336, 344, 352, 360, 368, 376, 384, 392, 400, 408, 416, 424, 432, 440, 448, 456, 464, 472, 480, 488, 496, 504, 512, 520, 528, 536, 544, 552, 560, 568, 576, 584, 592, 600, 608, 616, 624, 632, 640, 648, 656, 664, 672, 680, 688, 696, 704, 712, 720, 728, 736, 744, 752, 760, 768, 776, 784, 792, 800, 808, 816, 824, 832, 840, 848, 856, 864, 872, 880, 888, 896, 904, 912, 920, 928, 936, 944, 952, 960, 968, 976, 984, 992, 1000, 1008, 1016, 1024, 1028]
  ck=128 -> 69 SplitKV values: [-1, 1, 2, 4, 8, 16, 24, 32, 40, 48, 56, 64, 72, 80, 88, 96, 104, 112, 120, 128, 136, 144, 152, 160, 168, 176, 184, 192, 200, 208, 216, 224, 232, 240, 248, 256, 264, 272, 280, 288, 296, 304, 312, 320, 328, 336, 344, 352, 360, 368, 376, 384, 392, 400, 408, 416, 424, 432, 440, 448, 456, 464, 472, 480, 488, 496, 504, 512, 514]
  ck=256 -> 37 SplitKV values: [-1, 1, 2, 4, 8, 16, 24, 32, 40, 48, 56, 64, 72, 80, 88, 96, 104, 112, 120, 128, 136, 144, 152, 160, 168, 176, 184, 192, 200, 208, 216, 224, 232, 240, 248, 256, 257]

--- Top-10 configs (B=11) ---
  num_warps=4, ChunkK= 64, SplitKV=176  -> 35.96 us  cosine_diff(vs ref)=0.000781  cosine_diff(vs deepgemm)=0.000000
  num_warps=4, ChunkK= 64, SplitKV=184  -> 36.38 us  cosine_diff(vs ref)=0.000781  cosine_diff(vs deepgemm)=0.000000
  num_warps=4, ChunkK= 64, SplitKV=192  -> 36.53 us  cosine_diff(vs ref)=0.000781  cosine_diff(vs deepgemm)=0.000000
  num_warps=4, ChunkK= 64, SplitKV=200  -> 36.64 us  cosine_diff(vs ref)=0.000781  cosine_diff(vs deepgemm)=0.000000
  num_warps=8, ChunkK= 64, SplitKV= 80  -> 36.72 us  cosine_diff(vs ref)=0.000781  cosine_diff(vs deepgemm)=0.000000
  num_warps=4, ChunkK= 64, SplitKV= 80  -> 36.74 us  cosine_diff(vs ref)=0.000781  cosine_diff(vs deepgemm)=0.000000
  num_warps=2, ChunkK= 64, SplitKV= 80  -> 37.50 us  cosine_diff(vs ref)=0.000781  cosine_diff(vs deepgemm)=0.000000
  num_warps=8, ChunkK=128, SplitKV=248  -> 37.86 us  cosine_diff(vs ref)=0.000781  cosine_diff(vs deepgemm)=0.000000
  num_warps=8, ChunkK=128, SplitKV= 56  -> 37.87 us  cosine_diff(vs ref)=0.000781  cosine_diff(vs deepgemm)=0.000000
  num_warps=8, ChunkK=128, SplitKV=240  -> 37.94 us  cosine_diff(vs ref)=0.000781  cosine_diff(vs deepgemm)=0.000000
Saved accuracy warnings to tune_results_ver7/logs/gpu2/mtp_0/kvlength_65536/warnings.log
Saved per-config detail log to tune_results_ver7/logs/gpu2/mtp_0/kvlength_65536/detail.log

Saved tune CSV to tune_results_ver7/logs/tune_results_gpu2.csv  (now 2 rows total)
 batch_size  next_n  heads  index_dim  avg_kv_length  var_ratio  deepgemm_us  moreh_us  speedup                                                                                                                                                                          top_configs
          3       1     32        128          65536   0.003906         26.0      14.1    1.846 [(2, 64, 352, 14), (2, 64, 376, 14), (2, 64, 424, 14), (2, 64, 400, 14), (8, 128, 96, 14), (2, 64, 368, 14), (2, 64, 448, 14), (2, 64, 384, 14), (2, 64, 360, 14), (8, 128, 88, 14)]
         11       1     32        128          65536   0.003906         73.6      36.0    2.046  [(4, 64, 176, 35), (4, 64, 184, 36), (4, 64, 192, 36), (4, 64, 200, 36), (8, 64, 80, 36), (4, 64, 80, 36), (2, 64, 80, 37), (8, 128, 248, 37), (8, 128, 56, 37), (8, 128, 240, 37)]

Saved top-1 tune CSV to tune_results_ver7/logs/tune_results_gpu2_top1.csv  (now 2 rows total)
 batch_size  next_n  heads  index_dim  avg_kv_length  var_ratio  deepgemm_us  moreh_us  speedup  num_warp  chunkK  splitK
          3       1     32        128          65536   0.003906         26.0      14.1    1.846         2      64     352
         11       1     32        128          65536   0.003906         73.6      36.0    2.046         4      64     176

[tune] B=19 next_n=1 heads=32 index_dim=128 avg_kv_length=65536 max_model_len=202752
  ck= 64 -> 133 SplitKV values: [-1, 1, 2, 4, 8, 16, 24, 32, 40, 48, 56, 64, 72, 80, 88, 96, 104, 112, 120, 128, 136, 144, 152, 160, 168, 176, 184, 192, 200, 208, 216, 224, 232, 240, 248, 256, 264, 272, 280, 288, 296, 304, 312, 320, 328, 336, 344, 352, 360, 368, 376, 384, 392, 400, 408, 416, 424, 432, 440, 448, 456, 464, 472, 480, 488, 496, 504, 512, 520, 528, 536, 544, 552, 560, 568, 576, 584, 592, 600, 608, 616, 624, 632, 640, 648, 656, 664, 672, 680, 688, 696, 704, 712, 720, 728, 736, 744, 752, 760, 768, 776, 784, 792, 800, 808, 816, 824, 832, 840, 848, 856, 864, 872, 880, 888, 896, 904, 912, 920, 928, 936, 944, 952, 960, 968, 976, 984, 992, 1000, 1008, 1016, 1024, 1028]
  ck=128 -> 69 SplitKV values: [-1, 1, 2, 4, 8, 16, 24, 32, 40, 48, 56, 64, 72, 80, 88, 96, 104, 112, 120, 128, 136, 144, 152, 160, 168, 176, 184, 192, 200, 208, 216, 224, 232, 240, 248, 256, 264, 272, 280, 288, 296, 304, 312, 320, 328, 336, 344, 352, 360, 368, 376, 384, 392, 400, 408, 416, 424, 432, 440, 448, 456, 464, 472, 480, 488, 496, 504, 512, 514]
  ck=256 -> 37 SplitKV values: [-1, 1, 2, 4, 8, 16, 24, 32, 40, 48, 56, 64, 72, 80, 88, 96, 104, 112, 120, 128, 136, 144, 152, 160, 168, 176, 184, 192, 200, 208, 216, 224, 232, 240, 248, 256, 257]
  ck= 64 -> 133 SplitKV values: [-1, 1, 2, 4, 8, 16, 24, 32, 40, 48, 56, 64, 72, 80, 88, 96, 104, 112, 120, 128, 136, 144, 152, 160, 168, 176, 184, 192, 200, 208, 216, 224, 232, 240, 248, 256, 264, 272, 280, 288, 296, 304, 312, 320, 328, 336, 344, 352, 360, 368, 376, 384, 392, 400, 408, 416, 424, 432, 440, 448, 456, 464, 472, 480, 488, 496, 504, 512, 520, 528, 536, 544, 552, 560, 568, 576, 584, 592, 600, 608, 616, 624, 632, 640, 648, 656, 664, 672, 680, 688, 696, 704, 712, 720, 728, 736, 744, 752, 760, 768, 776, 784, 792, 800, 808, 816, 824, 832, 840, 848, 856, 864, 872, 880, 888, 896, 904, 912, 920, 928, 936, 944, 952, 960, 968, 976, 984, 992, 1000, 1008, 1016, 1024, 1028]
  ck=128 -> 69 SplitKV values: [-1, 1, 2, 4, 8, 16, 24, 32, 40, 48, 56, 64, 72, 80, 88, 96, 104, 112, 120, 128, 136, 144, 152, 160, 168, 176, 184, 192, 200, 208, 216, 224, 232, 240, 248, 256, 264, 272, 280, 288, 296, 304, 312, 320, 328, 336, 344, 352, 360, 368, 376, 384, 392, 400, 408, 416, 424, 432, 440, 448, 456, 464, 472, 480, 488, 496, 504, 512, 514]
  ck=256 -> 37 SplitKV values: [-1, 1, 2, 4, 8, 16, 24, 32, 40, 48, 56, 64, 72, 80, 88, 96, 104, 112, 120, 128, 136, 144, 152, 160, 168, 176, 184, 192, 200, 208, 216, 224, 232, 240, 248, 256, 257]
  ck= 64 -> 133 SplitKV values: [-1, 1, 2, 4, 8, 16, 24, 32, 40, 48, 56, 64, 72, 80, 88, 96, 104, 112, 120, 128, 136, 144, 152, 160, 168, 176, 184, 192, 200, 208, 216, 224, 232, 240, 248, 256, 264, 272, 280, 288, 296, 304, 312, 320, 328, 336, 344, 352, 360, 368, 376, 384, 392, 400, 408, 416, 424, 432, 440, 448, 456, 464, 472, 480, 488, 496, 504, 512, 520, 528, 536, 544, 552, 560, 568, 576, 584, 592, 600, 608, 616, 624, 632, 640, 648, 656, 664, 672, 680, 688, 696, 704, 712, 720, 728, 736, 744, 752, 760, 768, 776, 784, 792, 800, 808, 816, 824, 832, 840, 848, 856, 864, 872, 880, 888, 896, 904, 912, 920, 928, 936, 944, 952, 960, 968, 976, 984, 992, 1000, 1008, 1016, 1024, 1028]
  ck=128 -> 69 SplitKV values: [-1, 1, 2, 4, 8, 16, 24, 32, 40, 48, 56, 64, 72, 80, 88, 96, 104, 112, 120, 128, 136, 144, 152, 160, 168, 176, 184, 192, 200, 208, 216, 224, 232, 240, 248, 256, 264, 272, 280, 288, 296, 304, 312, 320, 328, 336, 344, 352, 360, 368, 376, 384, 392, 400, 408, 416, 424, 432, 440, 448, 456, 464, 472, 480, 488, 496, 504, 512, 514]
  ck=256 -> 37 SplitKV values: [-1, 1, 2, 4, 8, 16, 24, 32, 40, 48, 56, 64, 72, 80, 88, 96, 104, 112, 120, 128, 136, 144, 152, 160, 168, 176, 184, 192, 200, 208, 216, 224, 232, 240, 248, 256, 257]

--- Top-10 configs (B=19) ---
  num_warps=4, ChunkK= 64, SplitKV= 80  -> 52.94 us  cosine_diff(vs ref)=0.000756  cosine_diff(vs deepgemm)=0.000000
  num_warps=4, ChunkK= 64, SplitKV=304  -> 55.89 us  cosine_diff(vs ref)=0.000756  cosine_diff(vs deepgemm)=0.000000
  num_warps=8, ChunkK= 64, SplitKV= 80  -> 56.40 us  cosine_diff(vs ref)=0.000756  cosine_diff(vs deepgemm)=0.000000
  num_warps=4, ChunkK= 64, SplitKV=312  -> 57.17 us  cosine_diff(vs ref)=0.000756  cosine_diff(vs deepgemm)=0.000000
  num_warps=4, ChunkK= 64, SplitKV=280  -> 57.42 us  cosine_diff(vs ref)=0.000756  cosine_diff(vs deepgemm)=0.000000
  num_warps=4, ChunkK= 64, SplitKV=264  -> 57.44 us  cosine_diff(vs ref)=0.000756  cosine_diff(vs deepgemm)=0.000000
  num_warps=4, ChunkK= 64, SplitKV=296  -> 57.54 us  cosine_diff(vs ref)=0.000756  cosine_diff(vs deepgemm)=0.000000
  num_warps=4, ChunkK= 64, SplitKV=272  -> 57.58 us  cosine_diff(vs ref)=0.000756  cosine_diff(vs deepgemm)=0.000000
  num_warps=4, ChunkK= 64, SplitKV=320  -> 57.93 us  cosine_diff(vs ref)=0.000756  cosine_diff(vs deepgemm)=0.000000
  num_warps=4, ChunkK= 64, SplitKV=336  -> 58.33 us  cosine_diff(vs ref)=0.000756  cosine_diff(vs deepgemm)=0.000000
Saved accuracy warnings to tune_results_ver7/logs/gpu2/mtp_0/kvlength_65536/warnings.log
Saved per-config detail log to tune_results_ver7/logs/gpu2/mtp_0/kvlength_65536/detail.log

Saved tune CSV to tune_results_ver7/logs/tune_results_gpu2.csv  (now 3 rows total)
 batch_size  next_n  heads  index_dim  avg_kv_length  var_ratio  deepgemm_us  moreh_us  speedup                                                                                                                                                                          top_configs
          3       1     32        128          65536   0.003906         26.0      14.1    1.846 [(2, 64, 352, 14), (2, 64, 376, 14), (2, 64, 424, 14), (2, 64, 400, 14), (8, 128, 96, 14), (2, 64, 368, 14), (2, 64, 448, 14), (2, 64, 384, 14), (2, 64, 360, 14), (8, 128, 88, 14)]
         11       1     32        128          65536   0.003906         73.6      36.0    2.046  [(4, 64, 176, 35), (4, 64, 184, 36), (4, 64, 192, 36), (4, 64, 200, 36), (8, 64, 80, 36), (4, 64, 80, 36), (2, 64, 80, 37), (8, 128, 248, 37), (8, 128, 56, 37), (8, 128, 240, 37)]
         19       1     32        128          65536   0.003906        166.6      52.9    3.147   [(4, 64, 80, 52), (4, 64, 304, 55), (8, 64, 80, 56), (4, 64, 312, 57), (4, 64, 280, 57), (4, 64, 264, 57), (4, 64, 296, 57), (4, 64, 272, 57), (4, 64, 320, 57), (4, 64, 336, 58)]

Saved top-1 tune CSV to tune_results_ver7/logs/tune_results_gpu2_top1.csv  (now 3 rows total)
 batch_size  next_n  heads  index_dim  avg_kv_length  var_ratio  deepgemm_us  moreh_us  speedup  num_warp  chunkK  splitK
          3       1     32        128          65536   0.003906         26.0      14.1    1.846         2      64     352
         11       1     32        128          65536   0.003906         73.6      36.0    2.046         4      64     176
         19       1     32        128          65536   0.003906        166.6      52.9    3.147         4      64      80

[tune] B=27 next_n=1 heads=32 index_dim=128 avg_kv_length=65536 max_model_len=202752
  ck= 64 -> 133 SplitKV values: [-1, 1, 2, 4, 8, 16, 24, 32, 40, 48, 56, 64, 72, 80, 88, 96, 104, 112, 120, 128, 136, 144, 152, 160, 168, 176, 184, 192, 200, 208, 216, 224, 232, 240, 248, 256, 264, 272, 280, 288, 296, 304, 312, 320, 328, 336, 344, 352, 360, 368, 376, 384, 392, 400, 408, 416, 424, 432, 440, 448, 456, 464, 472, 480, 488, 496, 504, 512, 520, 528, 536, 544, 552, 560, 568, 576, 584, 592, 600, 608, 616, 624, 632, 640, 648, 656, 664, 672, 680, 688, 696, 704, 712, 720, 728, 736, 744, 752, 760, 768, 776, 784, 792, 800, 808, 816, 824, 832, 840, 848, 856, 864, 872, 880, 888, 896, 904, 912, 920, 928, 936, 944, 952, 960, 968, 976, 984, 992, 1000, 1008, 1016, 1024, 1028]
  ck=128 -> 69 SplitKV values: [-1, 1, 2, 4, 8, 16, 24, 32, 40, 48, 56, 64, 72, 80, 88, 96, 104, 112, 120, 128, 136, 144, 152, 160, 168, 176, 184, 192, 200, 208, 216, 224, 232, 240, 248, 256, 264, 272, 280, 288, 296, 304, 312, 320, 328, 336, 344, 352, 360, 368, 376, 384, 392, 400, 408, 416, 424, 432, 440, 448, 456, 464, 472, 480, 488, 496, 504, 512, 514]
  ck=256 -> 37 SplitKV values: [-1, 1, 2, 4, 8, 16, 24, 32, 40, 48, 56, 64, 72, 80, 88, 96, 104, 112, 120, 128, 136, 144, 152, 160, 168, 176, 184, 192, 200, 208, 216, 224, 232, 240, 248, 256, 257]
  ck= 64 -> 133 SplitKV values: [-1, 1, 2, 4, 8, 16, 24, 32, 40, 48, 56, 64, 72, 80, 88, 96, 104, 112, 120, 128, 136, 144, 152, 160, 168, 176, 184, 192, 200, 208, 216, 224, 232, 240, 248, 256, 264, 272, 280, 288, 296, 304, 312, 320, 328, 336, 344, 352, 360, 368, 376, 384, 392, 400, 408, 416, 424, 432, 440, 448, 456, 464, 472, 480, 488, 496, 504, 512, 520, 528, 536, 544, 552, 560, 568, 576, 584, 592, 600, 608, 616, 624, 632, 640, 648, 656, 664, 672, 680, 688, 696, 704, 712, 720, 728, 736, 744, 752, 760, 768, 776, 784, 792, 800, 808, 816, 824, 832, 840, 848, 856, 864, 872, 880, 888, 896, 904, 912, 920, 928, 936, 944, 952, 960, 968, 976, 984, 992, 1000, 1008, 1016, 1024, 1028]
  ck=128 -> 69 SplitKV values: [-1, 1, 2, 4, 8, 16, 24, 32, 40, 48, 56, 64, 72, 80, 88, 96, 104, 112, 120, 128, 136, 144, 152, 160, 168, 176, 184, 192, 200, 208, 216, 224, 232, 240, 248, 256, 264, 272, 280, 288, 296, 304, 312, 320, 328, 336, 344, 352, 360, 368, 376, 384, 392, 400, 408, 416, 424, 432, 440, 448, 456, 464, 472, 480, 488, 496, 504, 512, 514]
  ck=256 -> 37 SplitKV values: [-1, 1, 2, 4, 8, 16, 24, 32, 40, 48, 56, 64, 72, 80, 88, 96, 104, 112, 120, 128, 136, 144, 152, 160, 168, 176, 184, 192, 200, 208, 216, 224, 232, 240, 248, 256, 257]
  ck= 64 -> 133 SplitKV values: [-1, 1, 2, 4, 8, 16, 24, 32, 40, 48, 56, 64, 72, 80, 88, 96, 104, 112, 120, 128, 136, 144, 152, 160, 168, 176, 184, 192, 200, 208, 216, 224, 232, 240, 248, 256, 264, 272, 280, 288, 296, 304, 312, 320, 328, 336, 344, 352, 360, 368, 376, 384, 392, 400, 408, 416, 424, 432, 440, 448, 456, 464, 472, 480, 488, 496, 504, 512, 520, 528, 536, 544, 552, 560, 568, 576, 584, 592, 600, 608, 616, 624, 632, 640, 648, 656, 664, 672, 680, 688, 696, 704, 712, 720, 728, 736, 744, 752, 760, 768, 776, 784, 792, 800, 808, 816, 824, 832, 840, 848, 856, 864, 872, 880, 888, 896, 904, 912, 920, 928, 936, 944, 952, 960, 968, 976, 984, 992, 1000, 1008, 1016, 1024, 1028]
  ck=128 -> 69 SplitKV values: [-1, 1, 2, 4, 8, 16, 24, 32, 40, 48, 56, 64, 72, 80, 88, 96, 104, 112, 120, 128, 136, 144, 152, 160, 168, 176, 184, 192, 200, 208, 216, 224, 232, 240, 248, 256, 264, 272, 280, 288, 296, 304, 312, 320, 328, 336, 344, 352, 360, 368, 376, 384, 392, 400, 408, 416, 424, 432, 440, 448, 456, 464, 472, 480, 488, 496, 504, 512, 514]
  ck=256 -> 37 SplitKV values: [-1, 1, 2, 4, 8, 16, 24, 32, 40, 48, 56, 64, 72, 80, 88, 96, 104, 112, 120, 128, 136, 144, 152, 160, 168, 176, 184, 192, 200, 208, 216, 224, 232, 240, 248, 256, 257]

--- Top-10 configs (B=27) ---
  num_warps=4, ChunkK= 64, SplitKV= 80  -> 57.71 us  cosine_diff(vs ref)=0.000574  cosine_diff(vs deepgemm)=0.000000
  num_warps=8, ChunkK= 64, SplitKV= 80  -> 65.85 us  cosine_diff(vs ref)=0.000574  cosine_diff(vs deepgemm)=0.000000
  num_warps=2, ChunkK= 64, SplitKV= 80  -> 67.10 us  cosine_diff(vs ref)=0.000574  cosine_diff(vs deepgemm)=0.000000
  num_warps=4, ChunkK= 64, SplitKV=192  -> 71.80 us  cosine_diff(vs ref)=0.000574  cosine_diff(vs deepgemm)=0.000000
  num_warps=4, ChunkK= 64, SplitKV=176  -> 71.82 us  cosine_diff(vs ref)=0.000574  cosine_diff(vs deepgemm)=0.000000
  num_warps=4, ChunkK= 64, SplitKV=200  -> 71.90 us  cosine_diff(vs ref)=0.000574  cosine_diff(vs deepgemm)=0.000000
  num_warps=4, ChunkK= 64, SplitKV=184  -> 72.93 us  cosine_diff(vs ref)=0.000574  cosine_diff(vs deepgemm)=0.000000
  num_warps=2, ChunkK= 64, SplitKV=176  -> 74.19 us  cosine_diff(vs ref)=0.000574  cosine_diff(vs deepgemm)=0.000000
  num_warps=2, ChunkK= 64, SplitKV=192  -> 74.46 us  cosine_diff(vs ref)=0.000574  cosine_diff(vs deepgemm)=0.000000
  num_warps=2, ChunkK= 64, SplitKV=184  -> 74.63 us  cosine_diff(vs ref)=0.000574  cosine_diff(vs deepgemm)=0.000000
Saved accuracy warnings to tune_results_ver7/logs/gpu2/mtp_0/kvlength_65536/warnings.log
Saved per-config detail log to tune_results_ver7/logs/gpu2/mtp_0/kvlength_65536/detail.log

Saved tune CSV to tune_results_ver7/logs/tune_results_gpu2.csv  (now 4 rows total)
 batch_size  next_n  heads  index_dim  avg_kv_length  var_ratio  deepgemm_us  moreh_us  speedup                                                                                                                                                                          top_configs
          3       1     32        128          65536   0.003906         26.0      14.1    1.846 [(2, 64, 352, 14), (2, 64, 376, 14), (2, 64, 424, 14), (2, 64, 400, 14), (8, 128, 96, 14), (2, 64, 368, 14), (2, 64, 448, 14), (2, 64, 384, 14), (2, 64, 360, 14), (8, 128, 88, 14)]
         11       1     32        128          65536   0.003906         73.6      36.0    2.046  [(4, 64, 176, 35), (4, 64, 184, 36), (4, 64, 192, 36), (4, 64, 200, 36), (8, 64, 80, 36), (4, 64, 80, 36), (2, 64, 80, 37), (8, 128, 248, 37), (8, 128, 56, 37), (8, 128, 240, 37)]
         19       1     32        128          65536   0.003906        166.6      52.9    3.147   [(4, 64, 80, 52), (4, 64, 304, 55), (8, 64, 80, 56), (4, 64, 312, 57), (4, 64, 280, 57), (4, 64, 264, 57), (4, 64, 296, 57), (4, 64, 272, 57), (4, 64, 320, 57), (4, 64, 336, 58)]
         27       1     32        128          65536   0.003906        207.6      57.7    3.597    [(4, 64, 80, 57), (8, 64, 80, 65), (2, 64, 80, 67), (4, 64, 192, 71), (4, 64, 176, 71), (4, 64, 200, 71), (4, 64, 184, 72), (2, 64, 176, 74), (2, 64, 192, 74), (2, 64, 184, 74)]

Saved top-1 tune CSV to tune_results_ver7/logs/tune_results_gpu2_top1.csv  (now 4 rows total)
 batch_size  next_n  heads  index_dim  avg_kv_length  var_ratio  deepgemm_us  moreh_us  speedup  num_warp  chunkK  splitK
          3       1     32        128          65536   0.003906         26.0      14.1    1.846         2      64     352
         11       1     32        128          65536   0.003906         73.6      36.0    2.046         4      64     176
         19       1     32        128          65536   0.003906        166.6      52.9    3.147         4      64      80
         27       1     32        128          65536   0.003906        207.6      57.7    3.597         4      64      80
