[aiter] import [module_aiter_enum] under /usr/local/lib/python3.12/dist-packages/aiter/jit/module_aiter_enum.so
/usr/local/lib/python3.12/dist-packages/torch/profiler/profiler.py:217: UserWarning: Warning: Profiler clears events at the end of each cycle.Only events from the current cycle will be reported.To keep events across cycles, set acc_events=True.
  _warn_once(

[tune] B=7 next_n=1 heads=32 index_dim=128 avg_kv_length=65536 max_model_len=202752
  ck= 64 -> 133 SplitKV values: [-1, 1, 2, 4, 8, 16, 24, 32, 40, 48, 56, 64, 72, 80, 88, 96, 104, 112, 120, 128, 136, 144, 152, 160, 168, 176, 184, 192, 200, 208, 216, 224, 232, 240, 248, 256, 264, 272, 280, 288, 296, 304, 312, 320, 328, 336, 344, 352, 360, 368, 376, 384, 392, 400, 408, 416, 424, 432, 440, 448, 456, 464, 472, 480, 488, 496, 504, 512, 520, 528, 536, 544, 552, 560, 568, 576, 584, 592, 600, 608, 616, 624, 632, 640, 648, 656, 664, 672, 680, 688, 696, 704, 712, 720, 728, 736, 744, 752, 760, 768, 776, 784, 792, 800, 808, 816, 824, 832, 840, 848, 856, 864, 872, 880, 888, 896, 904, 912, 920, 928, 936, 944, 952, 960, 968, 976, 984, 992, 1000, 1008, 1016, 1024, 1028]
  ck=128 -> 69 SplitKV values: [-1, 1, 2, 4, 8, 16, 24, 32, 40, 48, 56, 64, 72, 80, 88, 96, 104, 112, 120, 128, 136, 144, 152, 160, 168, 176, 184, 192, 200, 208, 216, 224, 232, 240, 248, 256, 264, 272, 280, 288, 296, 304, 312, 320, 328, 336, 344, 352, 360, 368, 376, 384, 392, 400, 408, 416, 424, 432, 440, 448, 456, 464, 472, 480, 488, 496, 504, 512, 514]
  ck=256 -> 37 SplitKV values: [-1, 1, 2, 4, 8, 16, 24, 32, 40, 48, 56, 64, 72, 80, 88, 96, 104, 112, 120, 128, 136, 144, 152, 160, 168, 176, 184, 192, 200, 208, 216, 224, 232, 240, 248, 256, 257]
  ck= 64 -> 133 SplitKV values: [-1, 1, 2, 4, 8, 16, 24, 32, 40, 48, 56, 64, 72, 80, 88, 96, 104, 112, 120, 128, 136, 144, 152, 160, 168, 176, 184, 192, 200, 208, 216, 224, 232, 240, 248, 256, 264, 272, 280, 288, 296, 304, 312, 320, 328, 336, 344, 352, 360, 368, 376, 384, 392, 400, 408, 416, 424, 432, 440, 448, 456, 464, 472, 480, 488, 496, 504, 512, 520, 528, 536, 544, 552, 560, 568, 576, 584, 592, 600, 608, 616, 624, 632, 640, 648, 656, 664, 672, 680, 688, 696, 704, 712, 720, 728, 736, 744, 752, 760, 768, 776, 784, 792, 800, 808, 816, 824, 832, 840, 848, 856, 864, 872, 880, 888, 896, 904, 912, 920, 928, 936, 944, 952, 960, 968, 976, 984, 992, 1000, 1008, 1016, 1024, 1028]
  ck=128 -> 69 SplitKV values: [-1, 1, 2, 4, 8, 16, 24, 32, 40, 48, 56, 64, 72, 80, 88, 96, 104, 112, 120, 128, 136, 144, 152, 160, 168, 176, 184, 192, 200, 208, 216, 224, 232, 240, 248, 256, 264, 272, 280, 288, 296, 304, 312, 320, 328, 336, 344, 352, 360, 368, 376, 384, 392, 400, 408, 416, 424, 432, 440, 448, 456, 464, 472, 480, 488, 496, 504, 512, 514]
  ck=256 -> 37 SplitKV values: [-1, 1, 2, 4, 8, 16, 24, 32, 40, 48, 56, 64, 72, 80, 88, 96, 104, 112, 120, 128, 136, 144, 152, 160, 168, 176, 184, 192, 200, 208, 216, 224, 232, 240, 248, 256, 257]
  ck= 64 -> 133 SplitKV values: [-1, 1, 2, 4, 8, 16, 24, 32, 40, 48, 56, 64, 72, 80, 88, 96, 104, 112, 120, 128, 136, 144, 152, 160, 168, 176, 184, 192, 200, 208, 216, 224, 232, 240, 248, 256, 264, 272, 280, 288, 296, 304, 312, 320, 328, 336, 344, 352, 360, 368, 376, 384, 392, 400, 408, 416, 424, 432, 440, 448, 456, 464, 472, 480, 488, 496, 504, 512, 520, 528, 536, 544, 552, 560, 568, 576, 584, 592, 600, 608, 616, 624, 632, 640, 648, 656, 664, 672, 680, 688, 696, 704, 712, 720, 728, 736, 744, 752, 760, 768, 776, 784, 792, 800, 808, 816, 824, 832, 840, 848, 856, 864, 872, 880, 888, 896, 904, 912, 920, 928, 936, 944, 952, 960, 968, 976, 984, 992, 1000, 1008, 1016, 1024, 1028]
  ck=128 -> 69 SplitKV values: [-1, 1, 2, 4, 8, 16, 24, 32, 40, 48, 56, 64, 72, 80, 88, 96, 104, 112, 120, 128, 136, 144, 152, 160, 168, 176, 184, 192, 200, 208, 216, 224, 232, 240, 248, 256, 264, 272, 280, 288, 296, 304, 312, 320, 328, 336, 344, 352, 360, 368, 376, 384, 392, 400, 408, 416, 424, 432, 440, 448, 456, 464, 472, 480, 488, 496, 504, 512, 514]
  ck=256 -> 37 SplitKV values: [-1, 1, 2, 4, 8, 16, 24, 32, 40, 48, 56, 64, 72, 80, 88, 96, 104, 112, 120, 128, 136, 144, 152, 160, 168, 176, 184, 192, 200, 208, 216, 224, 232, 240, 248, 256, 257]

--- Top-10 configs (B=7) ---
  num_warps=4, ChunkK= 64, SplitKV=144  -> 32.42 us  cosine_diff(vs ref)=0.000564  cosine_diff(vs deepgemm)=0.000000
  num_warps=4, ChunkK= 64, SplitKV=136  -> 32.58 us  cosine_diff(vs ref)=0.000564  cosine_diff(vs deepgemm)=0.000000
  num_warps=8, ChunkK= 64, SplitKV=136  -> 32.74 us  cosine_diff(vs ref)=0.000564  cosine_diff(vs deepgemm)=0.000000
  num_warps=2, ChunkK= 64, SplitKV=136  -> 33.06 us  cosine_diff(vs ref)=0.000564  cosine_diff(vs deepgemm)=0.000000
  num_warps=4, ChunkK= 64, SplitKV=200  -> 33.08 us  cosine_diff(vs ref)=0.000564  cosine_diff(vs deepgemm)=0.000000
  num_warps=8, ChunkK= 64, SplitKV=144  -> 33.16 us  cosine_diff(vs ref)=0.000564  cosine_diff(vs deepgemm)=0.000000
  num_warps=2, ChunkK= 64, SplitKV=144  -> 33.42 us  cosine_diff(vs ref)=0.000564  cosine_diff(vs deepgemm)=0.000000
  num_warps=8, ChunkK=256, SplitKV= 40  -> 34.24 us  cosine_diff(vs ref)=0.000564  cosine_diff(vs deepgemm)=0.000000
  num_warps=8, ChunkK=128, SplitKV=144  -> 34.35 us  cosine_diff(vs ref)=0.000564  cosine_diff(vs deepgemm)=0.000000
  num_warps=8, ChunkK=128, SplitKV=168  -> 34.51 us  cosine_diff(vs ref)=0.000564  cosine_diff(vs deepgemm)=0.000000
Saved accuracy warnings to tune_results_ver3/logs_p16/gpu6/mtp_0/kvlength_65536/warnings.log
Saved per-config detail log to tune_results_ver3/logs_p16/gpu6/mtp_0/kvlength_65536/detail.log

Saved tune CSV to tune_results_ver3/logs_p16/tune_results_gpu6.csv  (now 1 rows total)
 batch_size  next_n  heads  index_dim  avg_kv_length  var_ratio  deepgemm_us  moreh_us  speedup                                                                                                                                                                            top_configs
          7       1     32        128          65536   0.003906         49.0      32.4    1.511 [(4, 64, 144, 32), (4, 64, 136, 32), (8, 64, 136, 32), (2, 64, 136, 33), (4, 64, 200, 33), (8, 64, 144, 33), (2, 64, 144, 33), (8, 256, 40, 34), (8, 128, 144, 34), (8, 128, 168, 34)]

Saved top-1 tune CSV to tune_results_ver3/logs_p16/tune_results_gpu6_top1.csv  (now 1 rows total)
 batch_size  next_n  heads  index_dim  avg_kv_length  var_ratio  deepgemm_us  moreh_us  speedup  num_warp  chunkK  splitK
          7       1     32        128          65536   0.003906         49.0      32.4    1.511         4      64     144
[aiter] import [module_aiter_enum] under /usr/local/lib/python3.12/dist-packages/aiter/jit/module_aiter_enum.so
/usr/local/lib/python3.12/dist-packages/torch/profiler/profiler.py:217: UserWarning: Warning: Profiler clears events at the end of each cycle.Only events from the current cycle will be reported.To keep events across cycles, set acc_events=True.
  _warn_once(

[tune] B=15 next_n=1 heads=32 index_dim=128 avg_kv_length=65536 max_model_len=202752
  ck= 64 -> 133 SplitKV values: [-1, 1, 2, 4, 8, 16, 24, 32, 40, 48, 56, 64, 72, 80, 88, 96, 104, 112, 120, 128, 136, 144, 152, 160, 168, 176, 184, 192, 200, 208, 216, 224, 232, 240, 248, 256, 264, 272, 280, 288, 296, 304, 312, 320, 328, 336, 344, 352, 360, 368, 376, 384, 392, 400, 408, 416, 424, 432, 440, 448, 456, 464, 472, 480, 488, 496, 504, 512, 520, 528, 536, 544, 552, 560, 568, 576, 584, 592, 600, 608, 616, 624, 632, 640, 648, 656, 664, 672, 680, 688, 696, 704, 712, 720, 728, 736, 744, 752, 760, 768, 776, 784, 792, 800, 808, 816, 824, 832, 840, 848, 856, 864, 872, 880, 888, 896, 904, 912, 920, 928, 936, 944, 952, 960, 968, 976, 984, 992, 1000, 1008, 1016, 1024, 1028]
  ck=128 -> 69 SplitKV values: [-1, 1, 2, 4, 8, 16, 24, 32, 40, 48, 56, 64, 72, 80, 88, 96, 104, 112, 120, 128, 136, 144, 152, 160, 168, 176, 184, 192, 200, 208, 216, 224, 232, 240, 248, 256, 264, 272, 280, 288, 296, 304, 312, 320, 328, 336, 344, 352, 360, 368, 376, 384, 392, 400, 408, 416, 424, 432, 440, 448, 456, 464, 472, 480, 488, 496, 504, 512, 514]
  ck=256 -> 37 SplitKV values: [-1, 1, 2, 4, 8, 16, 24, 32, 40, 48, 56, 64, 72, 80, 88, 96, 104, 112, 120, 128, 136, 144, 152, 160, 168, 176, 184, 192, 200, 208, 216, 224, 232, 240, 248, 256, 257]
  ck= 64 -> 133 SplitKV values: [-1, 1, 2, 4, 8, 16, 24, 32, 40, 48, 56, 64, 72, 80, 88, 96, 104, 112, 120, 128, 136, 144, 152, 160, 168, 176, 184, 192, 200, 208, 216, 224, 232, 240, 248, 256, 264, 272, 280, 288, 296, 304, 312, 320, 328, 336, 344, 352, 360, 368, 376, 384, 392, 400, 408, 416, 424, 432, 440, 448, 456, 464, 472, 480, 488, 496, 504, 512, 520, 528, 536, 544, 552, 560, 568, 576, 584, 592, 600, 608, 616, 624, 632, 640, 648, 656, 664, 672, 680, 688, 696, 704, 712, 720, 728, 736, 744, 752, 760, 768, 776, 784, 792, 800, 808, 816, 824, 832, 840, 848, 856, 864, 872, 880, 888, 896, 904, 912, 920, 928, 936, 944, 952, 960, 968, 976, 984, 992, 1000, 1008, 1016, 1024, 1028]
  ck=128 -> 69 SplitKV values: [-1, 1, 2, 4, 8, 16, 24, 32, 40, 48, 56, 64, 72, 80, 88, 96, 104, 112, 120, 128, 136, 144, 152, 160, 168, 176, 184, 192, 200, 208, 216, 224, 232, 240, 248, 256, 264, 272, 280, 288, 296, 304, 312, 320, 328, 336, 344, 352, 360, 368, 376, 384, 392, 400, 408, 416, 424, 432, 440, 448, 456, 464, 472, 480, 488, 496, 504, 512, 514]
  ck=256 -> 37 SplitKV values: [-1, 1, 2, 4, 8, 16, 24, 32, 40, 48, 56, 64, 72, 80, 88, 96, 104, 112, 120, 128, 136, 144, 152, 160, 168, 176, 184, 192, 200, 208, 216, 224, 232, 240, 248, 256, 257]
  ck= 64 -> 133 SplitKV values: [-1, 1, 2, 4, 8, 16, 24, 32, 40, 48, 56, 64, 72, 80, 88, 96, 104, 112, 120, 128, 136, 144, 152, 160, 168, 176, 184, 192, 200, 208, 216, 224, 232, 240, 248, 256, 264, 272, 280, 288, 296, 304, 312, 320, 328, 336, 344, 352, 360, 368, 376, 384, 392, 400, 408, 416, 424, 432, 440, 448, 456, 464, 472, 480, 488, 496, 504, 512, 520, 528, 536, 544, 552, 560, 568, 576, 584, 592, 600, 608, 616, 624, 632, 640, 648, 656, 664, 672, 680, 688, 696, 704, 712, 720, 728, 736, 744, 752, 760, 768, 776, 784, 792, 800, 808, 816, 824, 832, 840, 848, 856, 864, 872, 880, 888, 896, 904, 912, 920, 928, 936, 944, 952, 960, 968, 976, 984, 992, 1000, 1008, 1016, 1024, 1028]
  ck=128 -> 69 SplitKV values: [-1, 1, 2, 4, 8, 16, 24, 32, 40, 48, 56, 64, 72, 80, 88, 96, 104, 112, 120, 128, 136, 144, 152, 160, 168, 176, 184, 192, 200, 208, 216, 224, 232, 240, 248, 256, 264, 272, 280, 288, 296, 304, 312, 320, 328, 336, 344, 352, 360, 368, 376, 384, 392, 400, 408, 416, 424, 432, 440, 448, 456, 464, 472, 480, 488, 496, 504, 512, 514]
  ck=256 -> 37 SplitKV values: [-1, 1, 2, 4, 8, 16, 24, 32, 40, 48, 56, 64, 72, 80, 88, 96, 104, 112, 120, 128, 136, 144, 152, 160, 168, 176, 184, 192, 200, 208, 216, 224, 232, 240, 248, 256, 257]

--- Top-10 configs (B=15) ---
  num_warps=8, ChunkK= 64, SplitKV= 80  -> 47.28 us  cosine_diff(vs ref)=0.000816  cosine_diff(vs deepgemm)=0.000000
  num_warps=4, ChunkK= 64, SplitKV= 80  -> 47.29 us  cosine_diff(vs ref)=0.000816  cosine_diff(vs deepgemm)=0.000000
  num_warps=2, ChunkK= 64, SplitKV= 80  -> 51.52 us  cosine_diff(vs ref)=0.000816  cosine_diff(vs deepgemm)=0.000000
  num_warps=8, ChunkK= 64, SplitKV=144  -> 54.81 us  cosine_diff(vs ref)=0.000816  cosine_diff(vs deepgemm)=0.000000
  num_warps=8, ChunkK= 64, SplitKV=136  -> 54.90 us  cosine_diff(vs ref)=0.000816  cosine_diff(vs deepgemm)=0.000000
  num_warps=4, ChunkK= 64, SplitKV=136  -> 55.81 us  cosine_diff(vs ref)=0.000816  cosine_diff(vs deepgemm)=0.000000
  num_warps=8, ChunkK=256, SplitKV= 40  -> 56.55 us  cosine_diff(vs ref)=0.000816  cosine_diff(vs deepgemm)=0.000000
  num_warps=8, ChunkK=256, SplitKV= -1  -> 56.75 us  cosine_diff(vs ref)=0.000816  cosine_diff(vs deepgemm)=0.000000
  num_warps=4, ChunkK= 64, SplitKV=144  -> 56.81 us  cosine_diff(vs ref)=0.000816  cosine_diff(vs deepgemm)=0.000000
  num_warps=4, ChunkK= 64, SplitKV= -1  -> 56.90 us  cosine_diff(vs ref)=0.000816  cosine_diff(vs deepgemm)=0.000000
Saved accuracy warnings to tune_results_ver3/logs_p16/gpu6/mtp_0/kvlength_65536/warnings.log
Saved per-config detail log to tune_results_ver3/logs_p16/gpu6/mtp_0/kvlength_65536/detail.log

Saved tune CSV to tune_results_ver3/logs_p16/tune_results_gpu6.csv  (now 2 rows total)
 batch_size  next_n  heads  index_dim  avg_kv_length  var_ratio  deepgemm_us  moreh_us  speedup                                                                                                                                                                            top_configs
          7       1     32        128          65536   0.003906         49.0      32.4    1.511 [(4, 64, 144, 32), (4, 64, 136, 32), (8, 64, 136, 32), (2, 64, 136, 33), (4, 64, 200, 33), (8, 64, 144, 33), (2, 64, 144, 33), (8, 256, 40, 34), (8, 128, 144, 34), (8, 128, 168, 34)]
         15       1     32        128          65536   0.003906         95.3      47.3    2.016       [(8, 64, 80, 47), (4, 64, 80, 47), (2, 64, 80, 51), (8, 64, 144, 54), (8, 64, 136, 54), (4, 64, 136, 55), (8, 256, 40, 56), (8, 256, -1, 56), (4, 64, 144, 56), (4, 64, -1, 56)]

Saved top-1 tune CSV to tune_results_ver3/logs_p16/tune_results_gpu6_top1.csv  (now 2 rows total)
 batch_size  next_n  heads  index_dim  avg_kv_length  var_ratio  deepgemm_us  moreh_us  speedup  num_warp  chunkK  splitK
          7       1     32        128          65536   0.003906         49.0      32.4    1.511         4      64     144
         15       1     32        128          65536   0.003906         95.3      47.3    2.016         8      64      80
[aiter] import [module_aiter_enum] under /usr/local/lib/python3.12/dist-packages/aiter/jit/module_aiter_enum.so
/usr/local/lib/python3.12/dist-packages/torch/profiler/profiler.py:217: UserWarning: Warning: Profiler clears events at the end of each cycle.Only events from the current cycle will be reported.To keep events across cycles, set acc_events=True.
  _warn_once(

[tune] B=7 next_n=2 heads=32 index_dim=128 avg_kv_length=65536 max_model_len=202752
  ck= 64 -> 133 SplitKV values: [-1, 1, 2, 4, 8, 16, 24, 32, 40, 48, 56, 64, 72, 80, 88, 96, 104, 112, 120, 128, 136, 144, 152, 160, 168, 176, 184, 192, 200, 208, 216, 224, 232, 240, 248, 256, 264, 272, 280, 288, 296, 304, 312, 320, 328, 336, 344, 352, 360, 368, 376, 384, 392, 400, 408, 416, 424, 432, 440, 448, 456, 464, 472, 480, 488, 496, 504, 512, 520, 528, 536, 544, 552, 560, 568, 576, 584, 592, 600, 608, 616, 624, 632, 640, 648, 656, 664, 672, 680, 688, 696, 704, 712, 720, 728, 736, 744, 752, 760, 768, 776, 784, 792, 800, 808, 816, 824, 832, 840, 848, 856, 864, 872, 880, 888, 896, 904, 912, 920, 928, 936, 944, 952, 960, 968, 976, 984, 992, 1000, 1008, 1016, 1024, 1028]
  ck=128 -> 69 SplitKV values: [-1, 1, 2, 4, 8, 16, 24, 32, 40, 48, 56, 64, 72, 80, 88, 96, 104, 112, 120, 128, 136, 144, 152, 160, 168, 176, 184, 192, 200, 208, 216, 224, 232, 240, 248, 256, 264, 272, 280, 288, 296, 304, 312, 320, 328, 336, 344, 352, 360, 368, 376, 384, 392, 400, 408, 416, 424, 432, 440, 448, 456, 464, 472, 480, 488, 496, 504, 512, 514]
  ck=256 -> 37 SplitKV values: [-1, 1, 2, 4, 8, 16, 24, 32, 40, 48, 56, 64, 72, 80, 88, 96, 104, 112, 120, 128, 136, 144, 152, 160, 168, 176, 184, 192, 200, 208, 216, 224, 232, 240, 248, 256, 257]
  ck= 64 -> 133 SplitKV values: [-1, 1, 2, 4, 8, 16, 24, 32, 40, 48, 56, 64, 72, 80, 88, 96, 104, 112, 120, 128, 136, 144, 152, 160, 168, 176, 184, 192, 200, 208, 216, 224, 232, 240, 248, 256, 264, 272, 280, 288, 296, 304, 312, 320, 328, 336, 344, 352, 360, 368, 376, 384, 392, 400, 408, 416, 424, 432, 440, 448, 456, 464, 472, 480, 488, 496, 504, 512, 520, 528, 536, 544, 552, 560, 568, 576, 584, 592, 600, 608, 616, 624, 632, 640, 648, 656, 664, 672, 680, 688, 696, 704, 712, 720, 728, 736, 744, 752, 760, 768, 776, 784, 792, 800, 808, 816, 824, 832, 840, 848, 856, 864, 872, 880, 888, 896, 904, 912, 920, 928, 936, 944, 952, 960, 968, 976, 984, 992, 1000, 1008, 1016, 1024, 1028]
  ck=128 -> 69 SplitKV values: [-1, 1, 2, 4, 8, 16, 24, 32, 40, 48, 56, 64, 72, 80, 88, 96, 104, 112, 120, 128, 136, 144, 152, 160, 168, 176, 184, 192, 200, 208, 216, 224, 232, 240, 248, 256, 264, 272, 280, 288, 296, 304, 312, 320, 328, 336, 344, 352, 360, 368, 376, 384, 392, 400, 408, 416, 424, 432, 440, 448, 456, 464, 472, 480, 488, 496, 504, 512, 514]
  ck=256 -> 37 SplitKV values: [-1, 1, 2, 4, 8, 16, 24, 32, 40, 48, 56, 64, 72, 80, 88, 96, 104, 112, 120, 128, 136, 144, 152, 160, 168, 176, 184, 192, 200, 208, 216, 224, 232, 240, 248, 256, 257]
  ck= 64 -> 133 SplitKV values: [-1, 1, 2, 4, 8, 16, 24, 32, 40, 48, 56, 64, 72, 80, 88, 96, 104, 112, 120, 128, 136, 144, 152, 160, 168, 176, 184, 192, 200, 208, 216, 224, 232, 240, 248, 256, 264, 272, 280, 288, 296, 304, 312, 320, 328, 336, 344, 352, 360, 368, 376, 384, 392, 400, 408, 416, 424, 432, 440, 448, 456, 464, 472, 480, 488, 496, 504, 512, 520, 528, 536, 544, 552, 560, 568, 576, 584, 592, 600, 608, 616, 624, 632, 640, 648, 656, 664, 672, 680, 688, 696, 704, 712, 720, 728, 736, 744, 752, 760, 768, 776, 784, 792, 800, 808, 816, 824, 832, 840, 848, 856, 864, 872, 880, 888, 896, 904, 912, 920, 928, 936, 944, 952, 960, 968, 976, 984, 992, 1000, 1008, 1016, 1024, 1028]
  ck=128 -> 69 SplitKV values: [-1, 1, 2, 4, 8, 16, 24, 32, 40, 48, 56, 64, 72, 80, 88, 96, 104, 112, 120, 128, 136, 144, 152, 160, 168, 176, 184, 192, 200, 208, 216, 224, 232, 240, 248, 256, 264, 272, 280, 288, 296, 304, 312, 320, 328, 336, 344, 352, 360, 368, 376, 384, 392, 400, 408, 416, 424, 432, 440, 448, 456, 464, 472, 480, 488, 496, 504, 512, 514]
  ck=256 -> 37 SplitKV values: [-1, 1, 2, 4, 8, 16, 24, 32, 40, 48, 56, 64, 72, 80, 88, 96, 104, 112, 120, 128, 136, 144, 152, 160, 168, 176, 184, 192, 200, 208, 216, 224, 232, 240, 248, 256, 257]

--- Top-10 configs (B=7) ---
  num_warps=4, ChunkK= 64, SplitKV= 72  -> 52.09 us  cosine_diff(vs ref)=0.000818  cosine_diff(vs deepgemm)=0.000000
  num_warps=8, ChunkK= 64, SplitKV= 72  -> 53.46 us  cosine_diff(vs ref)=0.000818  cosine_diff(vs deepgemm)=0.000000
  num_warps=4, ChunkK=128, SplitKV= 40  -> 54.36 us  cosine_diff(vs ref)=0.000818  cosine_diff(vs deepgemm)=0.000000
  num_warps=2, ChunkK= 64, SplitKV= 72  -> 54.98 us  cosine_diff(vs ref)=0.000818  cosine_diff(vs deepgemm)=0.000000
  num_warps=8, ChunkK=128, SplitKV=104  -> 55.91 us  cosine_diff(vs ref)=0.000818  cosine_diff(vs deepgemm)=0.000000
  num_warps=8, ChunkK=128, SplitKV=128  -> 56.04 us  cosine_diff(vs ref)=0.000818  cosine_diff(vs deepgemm)=0.000000
  num_warps=4, ChunkK= 64, SplitKV=128  -> 56.28 us  cosine_diff(vs ref)=0.000818  cosine_diff(vs deepgemm)=0.000000
  num_warps=4, ChunkK= 64, SplitKV=120  -> 56.34 us  cosine_diff(vs ref)=0.000818  cosine_diff(vs deepgemm)=0.000000
  num_warps=4, ChunkK= 64, SplitKV=248  -> 56.46 us  cosine_diff(vs ref)=0.000818  cosine_diff(vs deepgemm)=0.000000
  num_warps=4, ChunkK= 64, SplitKV=216  -> 56.61 us  cosine_diff(vs ref)=0.000818  cosine_diff(vs deepgemm)=0.000000
Saved accuracy warnings to tune_results_ver3/logs_p16/gpu6/mtp_1/kvlength_65536/warnings.log
Saved per-config detail log to tune_results_ver3/logs_p16/gpu6/mtp_1/kvlength_65536/detail.log

Saved tune CSV to tune_results_ver3/logs_p16/tune_results_gpu6.csv  (now 3 rows total)
 batch_size  next_n  heads  index_dim  avg_kv_length  var_ratio  deepgemm_us  moreh_us  speedup                                                                                                                                                                            top_configs
          7       1     32        128          65536   0.003906         49.0      32.4    1.511 [(4, 64, 144, 32), (4, 64, 136, 32), (8, 64, 136, 32), (2, 64, 136, 33), (4, 64, 200, 33), (8, 64, 144, 33), (2, 64, 144, 33), (8, 256, 40, 34), (8, 128, 144, 34), (8, 128, 168, 34)]
          7       2     32        128          65536   0.003906         89.6      52.1    1.721    [(4, 64, 72, 52), (8, 64, 72, 53), (4, 128, 40, 54), (2, 64, 72, 54), (8, 128, 104, 55), (8, 128, 128, 56), (4, 64, 128, 56), (4, 64, 120, 56), (4, 64, 248, 56), (4, 64, 216, 56)]
         15       1     32        128          65536   0.003906         95.3      47.3    2.016       [(8, 64, 80, 47), (4, 64, 80, 47), (2, 64, 80, 51), (8, 64, 144, 54), (8, 64, 136, 54), (4, 64, 136, 55), (8, 256, 40, 56), (8, 256, -1, 56), (4, 64, 144, 56), (4, 64, -1, 56)]

Saved top-1 tune CSV to tune_results_ver3/logs_p16/tune_results_gpu6_top1.csv  (now 3 rows total)
 batch_size  next_n  heads  index_dim  avg_kv_length  var_ratio  deepgemm_us  moreh_us  speedup  num_warp  chunkK  splitK
          7       1     32        128          65536   0.003906         49.0      32.4    1.511         4      64     144
          7       2     32        128          65536   0.003906         89.6      52.1    1.721         4      64      72
         15       1     32        128          65536   0.003906         95.3      47.3    2.016         8      64      80
[aiter] import [module_aiter_enum] under /usr/local/lib/python3.12/dist-packages/aiter/jit/module_aiter_enum.so
/usr/local/lib/python3.12/dist-packages/torch/profiler/profiler.py:217: UserWarning: Warning: Profiler clears events at the end of each cycle.Only events from the current cycle will be reported.To keep events across cycles, set acc_events=True.
  _warn_once(

[tune] B=15 next_n=2 heads=32 index_dim=128 avg_kv_length=65536 max_model_len=202752
  ck= 64 -> 133 SplitKV values: [-1, 1, 2, 4, 8, 16, 24, 32, 40, 48, 56, 64, 72, 80, 88, 96, 104, 112, 120, 128, 136, 144, 152, 160, 168, 176, 184, 192, 200, 208, 216, 224, 232, 240, 248, 256, 264, 272, 280, 288, 296, 304, 312, 320, 328, 336, 344, 352, 360, 368, 376, 384, 392, 400, 408, 416, 424, 432, 440, 448, 456, 464, 472, 480, 488, 496, 504, 512, 520, 528, 536, 544, 552, 560, 568, 576, 584, 592, 600, 608, 616, 624, 632, 640, 648, 656, 664, 672, 680, 688, 696, 704, 712, 720, 728, 736, 744, 752, 760, 768, 776, 784, 792, 800, 808, 816, 824, 832, 840, 848, 856, 864, 872, 880, 888, 896, 904, 912, 920, 928, 936, 944, 952, 960, 968, 976, 984, 992, 1000, 1008, 1016, 1024, 1028]
  ck=128 -> 69 SplitKV values: [-1, 1, 2, 4, 8, 16, 24, 32, 40, 48, 56, 64, 72, 80, 88, 96, 104, 112, 120, 128, 136, 144, 152, 160, 168, 176, 184, 192, 200, 208, 216, 224, 232, 240, 248, 256, 264, 272, 280, 288, 296, 304, 312, 320, 328, 336, 344, 352, 360, 368, 376, 384, 392, 400, 408, 416, 424, 432, 440, 448, 456, 464, 472, 480, 488, 496, 504, 512, 514]
  ck=256 -> 37 SplitKV values: [-1, 1, 2, 4, 8, 16, 24, 32, 40, 48, 56, 64, 72, 80, 88, 96, 104, 112, 120, 128, 136, 144, 152, 160, 168, 176, 184, 192, 200, 208, 216, 224, 232, 240, 248, 256, 257]
  ck= 64 -> 133 SplitKV values: [-1, 1, 2, 4, 8, 16, 24, 32, 40, 48, 56, 64, 72, 80, 88, 96, 104, 112, 120, 128, 136, 144, 152, 160, 168, 176, 184, 192, 200, 208, 216, 224, 232, 240, 248, 256, 264, 272, 280, 288, 296, 304, 312, 320, 328, 336, 344, 352, 360, 368, 376, 384, 392, 400, 408, 416, 424, 432, 440, 448, 456, 464, 472, 480, 488, 496, 504, 512, 520, 528, 536, 544, 552, 560, 568, 576, 584, 592, 600, 608, 616, 624, 632, 640, 648, 656, 664, 672, 680, 688, 696, 704, 712, 720, 728, 736, 744, 752, 760, 768, 776, 784, 792, 800, 808, 816, 824, 832, 840, 848, 856, 864, 872, 880, 888, 896, 904, 912, 920, 928, 936, 944, 952, 960, 968, 976, 984, 992, 1000, 1008, 1016, 1024, 1028]
  ck=128 -> 69 SplitKV values: [-1, 1, 2, 4, 8, 16, 24, 32, 40, 48, 56, 64, 72, 80, 88, 96, 104, 112, 120, 128, 136, 144, 152, 160, 168, 176, 184, 192, 200, 208, 216, 224, 232, 240, 248, 256, 264, 272, 280, 288, 296, 304, 312, 320, 328, 336, 344, 352, 360, 368, 376, 384, 392, 400, 408, 416, 424, 432, 440, 448, 456, 464, 472, 480, 488, 496, 504, 512, 514]
  ck=256 -> 37 SplitKV values: [-1, 1, 2, 4, 8, 16, 24, 32, 40, 48, 56, 64, 72, 80, 88, 96, 104, 112, 120, 128, 136, 144, 152, 160, 168, 176, 184, 192, 200, 208, 216, 224, 232, 240, 248, 256, 257]
  ck= 64 -> 133 SplitKV values: [-1, 1, 2, 4, 8, 16, 24, 32, 40, 48, 56, 64, 72, 80, 88, 96, 104, 112, 120, 128, 136, 144, 152, 160, 168, 176, 184, 192, 200, 208, 216, 224, 232, 240, 248, 256, 264, 272, 280, 288, 296, 304, 312, 320, 328, 336, 344, 352, 360, 368, 376, 384, 392, 400, 408, 416, 424, 432, 440, 448, 456, 464, 472, 480, 488, 496, 504, 512, 520, 528, 536, 544, 552, 560, 568, 576, 584, 592, 600, 608, 616, 624, 632, 640, 648, 656, 664, 672, 680, 688, 696, 704, 712, 720, 728, 736, 744, 752, 760, 768, 776, 784, 792, 800, 808, 816, 824, 832, 840, 848, 856, 864, 872, 880, 888, 896, 904, 912, 920, 928, 936, 944, 952, 960, 968, 976, 984, 992, 1000, 1008, 1016, 1024, 1028]
  ck=128 -> 69 SplitKV values: [-1, 1, 2, 4, 8, 16, 24, 32, 40, 48, 56, 64, 72, 80, 88, 96, 104, 112, 120, 128, 136, 144, 152, 160, 168, 176, 184, 192, 200, 208, 216, 224, 232, 240, 248, 256, 264, 272, 280, 288, 296, 304, 312, 320, 328, 336, 344, 352, 360, 368, 376, 384, 392, 400, 408, 416, 424, 432, 440, 448, 456, 464, 472, 480, 488, 496, 504, 512, 514]
  ck=256 -> 37 SplitKV values: [-1, 1, 2, 4, 8, 16, 24, 32, 40, 48, 56, 64, 72, 80, 88, 96, 104, 112, 120, 128, 136, 144, 152, 160, 168, 176, 184, 192, 200, 208, 216, 224, 232, 240, 248, 256, 257]

--- Top-10 configs (B=15) ---
  num_warps=2, ChunkK= 64, SplitKV= 40  -> 84.08 us  cosine_diff(vs ref)=0.000664  cosine_diff(vs deepgemm)=0.000000
  num_warps=4, ChunkK= 64, SplitKV= 40  -> 87.57 us  cosine_diff(vs ref)=0.000664  cosine_diff(vs deepgemm)=0.000000
  num_warps=4, ChunkK=128, SplitKV= 40  -> 90.17 us  cosine_diff(vs ref)=0.000664  cosine_diff(vs deepgemm)=0.000000
  num_warps=8, ChunkK= 64, SplitKV= 40  -> 91.25 us  cosine_diff(vs ref)=0.000664  cosine_diff(vs deepgemm)=0.000000
  num_warps=8, ChunkK=128, SplitKV= 40  -> 91.81 us  cosine_diff(vs ref)=0.000664  cosine_diff(vs deepgemm)=0.000000
  num_warps=8, ChunkK=128, SplitKV= 64  -> 96.78 us  cosine_diff(vs ref)=0.000664  cosine_diff(vs deepgemm)=0.000000
  num_warps=4, ChunkK= 64, SplitKV= 72  -> 98.68 us  cosine_diff(vs ref)=0.000664  cosine_diff(vs deepgemm)=0.000000
  num_warps=2, ChunkK= 64, SplitKV= 72  -> 99.24 us  cosine_diff(vs ref)=0.000664  cosine_diff(vs deepgemm)=0.000000
  num_warps=8, ChunkK=128, SplitKV= 16  -> 99.39 us  cosine_diff(vs ref)=0.000664  cosine_diff(vs deepgemm)=0.000000
  num_warps=4, ChunkK=128, SplitKV= 64  -> 99.61 us  cosine_diff(vs ref)=0.000664  cosine_diff(vs deepgemm)=0.000000
Saved accuracy warnings to tune_results_ver3/logs_p16/gpu6/mtp_1/kvlength_65536/warnings.log
Saved per-config detail log to tune_results_ver3/logs_p16/gpu6/mtp_1/kvlength_65536/detail.log

Saved tune CSV to tune_results_ver3/logs_p16/tune_results_gpu6.csv  (now 4 rows total)
 batch_size  next_n  heads  index_dim  avg_kv_length  var_ratio  deepgemm_us  moreh_us  speedup                                                                                                                                                                            top_configs
          7       1     32        128          65536   0.003906         49.0      32.4    1.511 [(4, 64, 144, 32), (4, 64, 136, 32), (8, 64, 136, 32), (2, 64, 136, 33), (4, 64, 200, 33), (8, 64, 144, 33), (2, 64, 144, 33), (8, 256, 40, 34), (8, 128, 144, 34), (8, 128, 168, 34)]
          7       2     32        128          65536   0.003906         89.6      52.1    1.721    [(4, 64, 72, 52), (8, 64, 72, 53), (4, 128, 40, 54), (2, 64, 72, 54), (8, 128, 104, 55), (8, 128, 128, 56), (4, 64, 128, 56), (4, 64, 120, 56), (4, 64, 248, 56), (4, 64, 216, 56)]
         15       1     32        128          65536   0.003906         95.3      47.3    2.016       [(8, 64, 80, 47), (4, 64, 80, 47), (2, 64, 80, 51), (8, 64, 144, 54), (8, 64, 136, 54), (4, 64, 136, 55), (8, 256, 40, 56), (8, 256, -1, 56), (4, 64, 144, 56), (4, 64, -1, 56)]
         15       2     32        128          65536   0.003906        178.0      84.1    2.117        [(2, 64, 40, 84), (4, 64, 40, 87), (4, 128, 40, 90), (8, 64, 40, 91), (8, 128, 40, 91), (8, 128, 64, 96), (4, 64, 72, 98), (2, 64, 72, 99), (8, 128, 16, 99), (4, 128, 64, 99)]

Saved top-1 tune CSV to tune_results_ver3/logs_p16/tune_results_gpu6_top1.csv  (now 4 rows total)
 batch_size  next_n  heads  index_dim  avg_kv_length  var_ratio  deepgemm_us  moreh_us  speedup  num_warp  chunkK  splitK
          7       1     32        128          65536   0.003906         49.0      32.4    1.511         4      64     144
          7       2     32        128          65536   0.003906         89.6      52.1    1.721         4      64      72
         15       1     32        128          65536   0.003906         95.3      47.3    2.016         8      64      80
         15       2     32        128          65536   0.003906        178.0      84.1    2.117         2      64      40
