[aiter] import [module_aiter_enum] under /usr/local/lib/python3.12/dist-packages/aiter/jit/module_aiter_enum.so
/usr/local/lib/python3.12/dist-packages/torch/profiler/profiler.py:217: UserWarning: Warning: Profiler clears events at the end of each cycle.Only events from the current cycle will be reported.To keep events across cycles, set acc_events=True.
  _warn_once(

[tune] B=5 next_n=1 heads=32 index_dim=128 avg_kv_length=65536 max_model_len=202752
  ck= 64 -> 133 SplitKV values: [-1, 1, 2, 4, 8, 16, 24, 32, 40, 48, 56, 64, 72, 80, 88, 96, 104, 112, 120, 128, 136, 144, 152, 160, 168, 176, 184, 192, 200, 208, 216, 224, 232, 240, 248, 256, 264, 272, 280, 288, 296, 304, 312, 320, 328, 336, 344, 352, 360, 368, 376, 384, 392, 400, 408, 416, 424, 432, 440, 448, 456, 464, 472, 480, 488, 496, 504, 512, 520, 528, 536, 544, 552, 560, 568, 576, 584, 592, 600, 608, 616, 624, 632, 640, 648, 656, 664, 672, 680, 688, 696, 704, 712, 720, 728, 736, 744, 752, 760, 768, 776, 784, 792, 800, 808, 816, 824, 832, 840, 848, 856, 864, 872, 880, 888, 896, 904, 912, 920, 928, 936, 944, 952, 960, 968, 976, 984, 992, 1000, 1008, 1016, 1024, 1028]
  ck=128 -> 69 SplitKV values: [-1, 1, 2, 4, 8, 16, 24, 32, 40, 48, 56, 64, 72, 80, 88, 96, 104, 112, 120, 128, 136, 144, 152, 160, 168, 176, 184, 192, 200, 208, 216, 224, 232, 240, 248, 256, 264, 272, 280, 288, 296, 304, 312, 320, 328, 336, 344, 352, 360, 368, 376, 384, 392, 400, 408, 416, 424, 432, 440, 448, 456, 464, 472, 480, 488, 496, 504, 512, 514]
  ck=256 -> 37 SplitKV values: [-1, 1, 2, 4, 8, 16, 24, 32, 40, 48, 56, 64, 72, 80, 88, 96, 104, 112, 120, 128, 136, 144, 152, 160, 168, 176, 184, 192, 200, 208, 216, 224, 232, 240, 248, 256, 257]
  ck= 64 -> 133 SplitKV values: [-1, 1, 2, 4, 8, 16, 24, 32, 40, 48, 56, 64, 72, 80, 88, 96, 104, 112, 120, 128, 136, 144, 152, 160, 168, 176, 184, 192, 200, 208, 216, 224, 232, 240, 248, 256, 264, 272, 280, 288, 296, 304, 312, 320, 328, 336, 344, 352, 360, 368, 376, 384, 392, 400, 408, 416, 424, 432, 440, 448, 456, 464, 472, 480, 488, 496, 504, 512, 520, 528, 536, 544, 552, 560, 568, 576, 584, 592, 600, 608, 616, 624, 632, 640, 648, 656, 664, 672, 680, 688, 696, 704, 712, 720, 728, 736, 744, 752, 760, 768, 776, 784, 792, 800, 808, 816, 824, 832, 840, 848, 856, 864, 872, 880, 888, 896, 904, 912, 920, 928, 936, 944, 952, 960, 968, 976, 984, 992, 1000, 1008, 1016, 1024, 1028]
  ck=128 -> 69 SplitKV values: [-1, 1, 2, 4, 8, 16, 24, 32, 40, 48, 56, 64, 72, 80, 88, 96, 104, 112, 120, 128, 136, 144, 152, 160, 168, 176, 184, 192, 200, 208, 216, 224, 232, 240, 248, 256, 264, 272, 280, 288, 296, 304, 312, 320, 328, 336, 344, 352, 360, 368, 376, 384, 392, 400, 408, 416, 424, 432, 440, 448, 456, 464, 472, 480, 488, 496, 504, 512, 514]
  ck=256 -> 37 SplitKV values: [-1, 1, 2, 4, 8, 16, 24, 32, 40, 48, 56, 64, 72, 80, 88, 96, 104, 112, 120, 128, 136, 144, 152, 160, 168, 176, 184, 192, 200, 208, 216, 224, 232, 240, 248, 256, 257]
  ck= 64 -> 133 SplitKV values: [-1, 1, 2, 4, 8, 16, 24, 32, 40, 48, 56, 64, 72, 80, 88, 96, 104, 112, 120, 128, 136, 144, 152, 160, 168, 176, 184, 192, 200, 208, 216, 224, 232, 240, 248, 256, 264, 272, 280, 288, 296, 304, 312, 320, 328, 336, 344, 352, 360, 368, 376, 384, 392, 400, 408, 416, 424, 432, 440, 448, 456, 464, 472, 480, 488, 496, 504, 512, 520, 528, 536, 544, 552, 560, 568, 576, 584, 592, 600, 608, 616, 624, 632, 640, 648, 656, 664, 672, 680, 688, 696, 704, 712, 720, 728, 736, 744, 752, 760, 768, 776, 784, 792, 800, 808, 816, 824, 832, 840, 848, 856, 864, 872, 880, 888, 896, 904, 912, 920, 928, 936, 944, 952, 960, 968, 976, 984, 992, 1000, 1008, 1016, 1024, 1028]
  ck=128 -> 69 SplitKV values: [-1, 1, 2, 4, 8, 16, 24, 32, 40, 48, 56, 64, 72, 80, 88, 96, 104, 112, 120, 128, 136, 144, 152, 160, 168, 176, 184, 192, 200, 208, 216, 224, 232, 240, 248, 256, 264, 272, 280, 288, 296, 304, 312, 320, 328, 336, 344, 352, 360, 368, 376, 384, 392, 400, 408, 416, 424, 432, 440, 448, 456, 464, 472, 480, 488, 496, 504, 512, 514]
  ck=256 -> 37 SplitKV values: [-1, 1, 2, 4, 8, 16, 24, 32, 40, 48, 56, 64, 72, 80, 88, 96, 104, 112, 120, 128, 136, 144, 152, 160, 168, 176, 184, 192, 200, 208, 216, 224, 232, 240, 248, 256, 257]

--- Top-10 configs (B=5) ---
  num_warps=8, ChunkK=128, SplitKV=112  -> 27.51 us  cosine_diff(vs ref)=0.000566  cosine_diff(vs deepgemm)=0.000000
  num_warps=8, ChunkK= 64, SplitKV= 64  -> 27.54 us  cosine_diff(vs ref)=0.000566  cosine_diff(vs deepgemm)=0.000000
  num_warps=8, ChunkK=128, SplitKV=128  -> 27.55 us  cosine_diff(vs ref)=0.000566  cosine_diff(vs deepgemm)=0.000000
  num_warps=8, ChunkK=128, SplitKV= -1  -> 27.58 us  cosine_diff(vs ref)=0.000566  cosine_diff(vs deepgemm)=0.000000
  num_warps=8, ChunkK=128, SplitKV=120  -> 27.68 us  cosine_diff(vs ref)=0.000566  cosine_diff(vs deepgemm)=0.000000
  num_warps=2, ChunkK= 64, SplitKV= -1  -> 27.72 us  cosine_diff(vs ref)=0.000566  cosine_diff(vs deepgemm)=0.000000
  num_warps=8, ChunkK=128, SplitKV=104  -> 27.76 us  cosine_diff(vs ref)=0.000566  cosine_diff(vs deepgemm)=0.000000
  num_warps=4, ChunkK=128, SplitKV= -1  -> 27.97 us  cosine_diff(vs ref)=0.000566  cosine_diff(vs deepgemm)=0.000000
  num_warps=4, ChunkK= 64, SplitKV=104  -> 28.00 us  cosine_diff(vs ref)=0.000566  cosine_diff(vs deepgemm)=0.000000
  num_warps=4, ChunkK=128, SplitKV=112  -> 28.18 us  cosine_diff(vs ref)=0.000566  cosine_diff(vs deepgemm)=0.000000
Saved accuracy warnings to tune_results_ver3/logs_p12/gpu4/mtp_0/kvlength_65536/warnings.log
Saved per-config detail log to tune_results_ver3/logs_p12/gpu4/mtp_0/kvlength_65536/detail.log

Saved tune CSV to tune_results_ver3/logs_p12/tune_results_gpu4.csv  (now 1 rows total)
 batch_size  next_n  heads  index_dim  avg_kv_length  var_ratio  deepgemm_us  moreh_us  speedup                                                                                                                                                                             top_configs
          5       1     32        128          65536   0.003906         43.5      27.5    1.581 [(8, 128, 112, 27), (8, 64, 64, 27), (8, 128, 128, 27), (8, 128, -1, 27), (8, 128, 120, 27), (2, 64, -1, 27), (8, 128, 104, 27), (4, 128, -1, 27), (4, 64, 104, 27), (4, 128, 112, 28)]

Saved top-1 tune CSV to tune_results_ver3/logs_p12/tune_results_gpu4_top1.csv  (now 1 rows total)
 batch_size  next_n  heads  index_dim  avg_kv_length  var_ratio  deepgemm_us  moreh_us  speedup  num_warp  chunkK  splitK
          5       1     32        128          65536   0.003906         43.5      27.5    1.581         8     128     112
[aiter] import [module_aiter_enum] under /usr/local/lib/python3.12/dist-packages/aiter/jit/module_aiter_enum.so
/usr/local/lib/python3.12/dist-packages/torch/profiler/profiler.py:217: UserWarning: Warning: Profiler clears events at the end of each cycle.Only events from the current cycle will be reported.To keep events across cycles, set acc_events=True.
  _warn_once(

[tune] B=5 next_n=2 heads=32 index_dim=128 avg_kv_length=65536 max_model_len=202752
  ck= 64 -> 133 SplitKV values: [-1, 1, 2, 4, 8, 16, 24, 32, 40, 48, 56, 64, 72, 80, 88, 96, 104, 112, 120, 128, 136, 144, 152, 160, 168, 176, 184, 192, 200, 208, 216, 224, 232, 240, 248, 256, 264, 272, 280, 288, 296, 304, 312, 320, 328, 336, 344, 352, 360, 368, 376, 384, 392, 400, 408, 416, 424, 432, 440, 448, 456, 464, 472, 480, 488, 496, 504, 512, 520, 528, 536, 544, 552, 560, 568, 576, 584, 592, 600, 608, 616, 624, 632, 640, 648, 656, 664, 672, 680, 688, 696, 704, 712, 720, 728, 736, 744, 752, 760, 768, 776, 784, 792, 800, 808, 816, 824, 832, 840, 848, 856, 864, 872, 880, 888, 896, 904, 912, 920, 928, 936, 944, 952, 960, 968, 976, 984, 992, 1000, 1008, 1016, 1024, 1028]
  ck=128 -> 69 SplitKV values: [-1, 1, 2, 4, 8, 16, 24, 32, 40, 48, 56, 64, 72, 80, 88, 96, 104, 112, 120, 128, 136, 144, 152, 160, 168, 176, 184, 192, 200, 208, 216, 224, 232, 240, 248, 256, 264, 272, 280, 288, 296, 304, 312, 320, 328, 336, 344, 352, 360, 368, 376, 384, 392, 400, 408, 416, 424, 432, 440, 448, 456, 464, 472, 480, 488, 496, 504, 512, 514]
  ck=256 -> 37 SplitKV values: [-1, 1, 2, 4, 8, 16, 24, 32, 40, 48, 56, 64, 72, 80, 88, 96, 104, 112, 120, 128, 136, 144, 152, 160, 168, 176, 184, 192, 200, 208, 216, 224, 232, 240, 248, 256, 257]
  ck= 64 -> 133 SplitKV values: [-1, 1, 2, 4, 8, 16, 24, 32, 40, 48, 56, 64, 72, 80, 88, 96, 104, 112, 120, 128, 136, 144, 152, 160, 168, 176, 184, 192, 200, 208, 216, 224, 232, 240, 248, 256, 264, 272, 280, 288, 296, 304, 312, 320, 328, 336, 344, 352, 360, 368, 376, 384, 392, 400, 408, 416, 424, 432, 440, 448, 456, 464, 472, 480, 488, 496, 504, 512, 520, 528, 536, 544, 552, 560, 568, 576, 584, 592, 600, 608, 616, 624, 632, 640, 648, 656, 664, 672, 680, 688, 696, 704, 712, 720, 728, 736, 744, 752, 760, 768, 776, 784, 792, 800, 808, 816, 824, 832, 840, 848, 856, 864, 872, 880, 888, 896, 904, 912, 920, 928, 936, 944, 952, 960, 968, 976, 984, 992, 1000, 1008, 1016, 1024, 1028]
  ck=128 -> 69 SplitKV values: [-1, 1, 2, 4, 8, 16, 24, 32, 40, 48, 56, 64, 72, 80, 88, 96, 104, 112, 120, 128, 136, 144, 152, 160, 168, 176, 184, 192, 200, 208, 216, 224, 232, 240, 248, 256, 264, 272, 280, 288, 296, 304, 312, 320, 328, 336, 344, 352, 360, 368, 376, 384, 392, 400, 408, 416, 424, 432, 440, 448, 456, 464, 472, 480, 488, 496, 504, 512, 514]
  ck=256 -> 37 SplitKV values: [-1, 1, 2, 4, 8, 16, 24, 32, 40, 48, 56, 64, 72, 80, 88, 96, 104, 112, 120, 128, 136, 144, 152, 160, 168, 176, 184, 192, 200, 208, 216, 224, 232, 240, 248, 256, 257]
  ck= 64 -> 133 SplitKV values: [-1, 1, 2, 4, 8, 16, 24, 32, 40, 48, 56, 64, 72, 80, 88, 96, 104, 112, 120, 128, 136, 144, 152, 160, 168, 176, 184, 192, 200, 208, 216, 224, 232, 240, 248, 256, 264, 272, 280, 288, 296, 304, 312, 320, 328, 336, 344, 352, 360, 368, 376, 384, 392, 400, 408, 416, 424, 432, 440, 448, 456, 464, 472, 480, 488, 496, 504, 512, 520, 528, 536, 544, 552, 560, 568, 576, 584, 592, 600, 608, 616, 624, 632, 640, 648, 656, 664, 672, 680, 688, 696, 704, 712, 720, 728, 736, 744, 752, 760, 768, 776, 784, 792, 800, 808, 816, 824, 832, 840, 848, 856, 864, 872, 880, 888, 896, 904, 912, 920, 928, 936, 944, 952, 960, 968, 976, 984, 992, 1000, 1008, 1016, 1024, 1028]
  ck=128 -> 69 SplitKV values: [-1, 1, 2, 4, 8, 16, 24, 32, 40, 48, 56, 64, 72, 80, 88, 96, 104, 112, 120, 128, 136, 144, 152, 160, 168, 176, 184, 192, 200, 208, 216, 224, 232, 240, 248, 256, 264, 272, 280, 288, 296, 304, 312, 320, 328, 336, 344, 352, 360, 368, 376, 384, 392, 400, 408, 416, 424, 432, 440, 448, 456, 464, 472, 480, 488, 496, 504, 512, 514]
  ck=256 -> 37 SplitKV values: [-1, 1, 2, 4, 8, 16, 24, 32, 40, 48, 56, 64, 72, 80, 88, 96, 104, 112, 120, 128, 136, 144, 152, 160, 168, 176, 184, 192, 200, 208, 216, 224, 232, 240, 248, 256, 257]

--- Top-10 configs (B=5) ---
  num_warps=4, ChunkK= 64, SplitKV= -1  -> 42.72 us  cosine_diff(vs ref)=0.000771  cosine_diff(vs deepgemm)=0.000000
  num_warps=4, ChunkK= 64, SplitKV= 56  -> 43.40 us  cosine_diff(vs ref)=0.000771  cosine_diff(vs deepgemm)=0.000000
  num_warps=2, ChunkK= 64, SplitKV= -1  -> 43.46 us  cosine_diff(vs ref)=0.000771  cosine_diff(vs deepgemm)=0.000000
  num_warps=4, ChunkK=128, SplitKV= 64  -> 44.03 us  cosine_diff(vs ref)=0.000771  cosine_diff(vs deepgemm)=0.000000
  num_warps=8, ChunkK=128, SplitKV= 64  -> 44.14 us  cosine_diff(vs ref)=0.000771  cosine_diff(vs deepgemm)=0.000000
  num_warps=8, ChunkK= 64, SplitKV= -1  -> 44.27 us  cosine_diff(vs ref)=0.000771  cosine_diff(vs deepgemm)=0.000000
  num_warps=8, ChunkK=128, SplitKV= 48  -> 44.41 us  cosine_diff(vs ref)=0.000771  cosine_diff(vs deepgemm)=0.000000
  num_warps=8, ChunkK= 64, SplitKV= 56  -> 44.71 us  cosine_diff(vs ref)=0.000771  cosine_diff(vs deepgemm)=0.000000
  num_warps=4, ChunkK=128, SplitKV= -1  -> 44.94 us  cosine_diff(vs ref)=0.000771  cosine_diff(vs deepgemm)=0.000000
  num_warps=8, ChunkK=128, SplitKV= -1  -> 44.98 us  cosine_diff(vs ref)=0.000771  cosine_diff(vs deepgemm)=0.000000
Saved accuracy warnings to tune_results_ver3/logs_p12/gpu4/mtp_1/kvlength_65536/warnings.log
Saved per-config detail log to tune_results_ver3/logs_p12/gpu4/mtp_1/kvlength_65536/detail.log

Saved tune CSV to tune_results_ver3/logs_p12/tune_results_gpu4.csv  (now 2 rows total)
 batch_size  next_n  heads  index_dim  avg_kv_length  var_ratio  deepgemm_us  moreh_us  speedup                                                                                                                                                                             top_configs
          5       1     32        128          65536   0.003906         43.5      27.5    1.581 [(8, 128, 112, 27), (8, 64, 64, 27), (8, 128, 128, 27), (8, 128, -1, 27), (8, 128, 120, 27), (2, 64, -1, 27), (8, 128, 104, 27), (4, 128, -1, 27), (4, 64, 104, 27), (4, 128, 112, 28)]
          5       2     32        128          65536   0.003906         68.6      42.7    1.605         [(4, 64, -1, 42), (4, 64, 56, 43), (2, 64, -1, 43), (4, 128, 64, 44), (8, 128, 64, 44), (8, 64, -1, 44), (8, 128, 48, 44), (8, 64, 56, 44), (4, 128, -1, 44), (8, 128, -1, 44)]

Saved top-1 tune CSV to tune_results_ver3/logs_p12/tune_results_gpu4_top1.csv  (now 2 rows total)
 batch_size  next_n  heads  index_dim  avg_kv_length  var_ratio  deepgemm_us  moreh_us  speedup  num_warp  chunkK  splitK
          5       1     32        128          65536   0.003906         43.5      27.5    1.581         8     128     112
          5       2     32        128          65536   0.003906         68.6      42.7    1.605         4      64      -1
[aiter] import [module_aiter_enum] under /usr/local/lib/python3.12/dist-packages/aiter/jit/module_aiter_enum.so
[skip] B=5 next_n=1 heads=32 index_dim=128 avg_kv_length=65536 already tuned
Saved accuracy warnings to tune_results_ver3/logs_p12/gpu4/mtp_0/kvlength_65536/warnings.log
Saved per-config detail log to tune_results_ver3/logs_p12/gpu4/mtp_0/kvlength_65536/detail.log

[tune] No new configs were tuned (all skipped or all failed).
[aiter] import [module_aiter_enum] under /usr/local/lib/python3.12/dist-packages/aiter/jit/module_aiter_enum.so
